[+] Containers:
 |- [+] Container: /Game/StarterContent/Maps/1
 |   |- [+] ActorDescs:
 |   |   |- Guid:0855FC344F89D23AD682D6AE072F9F2C BaseClass: NativeClass:/Script/Engine.StaticMeshActor Name:StaticMeshActor_UAID_DC4A3E1847494E2102_1357859077 Label:Shape_Plane SpatiallyLoaded:1 Bounds:IsValid=true, Min=(X=65490.000 Y=-930.000 Z=2740.000), Max=(X=67490.000 Y=3070.000 Z=2740.000) RuntimeGrid:None EditorOnly:0 RuntimeOnly:0 HLODRelevant:1
 |   |   |- Guid:161A6CED4E5B1989D0AE8CA24E67654C BaseClass: NativeClass:/Script/Engine.StaticMeshActor Name:StaticMeshActor_UAID_DC4A3E1847494E2102_2026015081 Label:Shape_Cube7 SpatiallyLoaded:1 Bounds:IsValid=true, Min=(X=62510.000 Y=3400.000 Z=-550.000), Max=(X=65510.000 Y=6400.000 Z=9450.000) RuntimeGrid:None EditorOnly:0 RuntimeOnly:0 HLODRelevant:1
 |   |   |- Guid:1848BDAB4F2E6240ECC005ACBD137080 BaseClass: NativeClass:/Script/Engine.StaticMeshActor Name:StaticMeshActor_UAID_DC4A3E184749802302_1355612989 Label:Shape_Wedge_B3 SpatiallyLoaded:1 Bounds:IsValid=true, Min=(X=25263.297 Y=49805.678 Z=-184.243), Max=(X=25863.297 Y=52305.678 Z=315.757) RuntimeGrid:None EditorOnly:0 RuntimeOnly:0 HLODRelevant:1
 |   |   |- Guid:20EA40674E50F7E42C720DA08AEB3DD0 BaseClass: NativeClass:/Script/Engine.StaticMeshActor Name:StaticMeshActor_8 Label:SM_Track_10M2 SpatiallyLoaded:1 Bounds:IsValid=true, Min=(X=28940.000 Y=260.000 Z=-1421.338), Max=(X=36954.796 Y=1260.000 Z=12.500) RuntimeGrid:None EditorOnly:0 RuntimeOnly:0 HLODRelevant:1
 |   |   |- Guid:21728000484B93EE622AA2A061B59826 BaseClass: NativeClass:/Script/Engine.StaticMeshActor Name:StaticMeshActor_UAID_DC4A3E1847494F2102_2002328261 Label:SM_Track_10M4 SpatiallyLoaded:1 Bounds:IsValid=true, Min=(X=32820.000 Y=53430.000 Z=-190.000), Max=(X=43310.001 Y=54430.000 Z=-177.500) RuntimeGrid:None EditorOnly:0 RuntimeOnly:0 HLODRelevant:1
 |   |   |- Guid:24D8097C4D1A819D593045BE37480076 BaseClass: NativeClass:/Script/Landscape.LandscapeStreamingProxy Name:LandscapeStreamingProxy_4PXE9XP5QYPXUUK9VVMG0DP9C_126_3_3_0 Label:LandscapeStreamingProxy_3_3_0 SpatiallyLoaded:1 Bounds:IsValid=true, Min=(X=76360.000 Y=47480.000 Z=-220.000), Max=(X=81400.000 Y=57560.000 Z=-60.000) RuntimeGrid:None EditorOnly:0 RuntimeOnly:0 HLODRelevant:1
 |   |   |- Guid:3687B04944EE31042D19B1917B5A2450 BaseClass:/Game/VehicleTemplate/Blueprints/SportsCar/SportsCar_Pawn.SportsCar_Pawn_C NativeClass:/Script/ChaosVehicles.WheeledVehiclePawn Name:SportsCar_Pawn_C_1 Label:SportsCar_Pawn SpatiallyLoaded:1 Bounds:IsValid=true, Min=(X=-2383.507 Y=-240.650 Z=-14.659), Max=(X=-1912.406 Y=20.650 Z=121.318) RuntimeGrid:None EditorOnly:0 RuntimeOnly:0 HLODRelevant:0
 |   |   |- Guid:38E0ABCB40567A1414A5CCB9C77E9A6B BaseClass: NativeClass:/Script/Landscape.LandscapeStreamingProxy Name:LandscapeStreamingProxy_4PXE9XP5QYPXUUK9VVMG0DP9C_126_2_0_0 Label:LandscapeStreamingProxy_2_0_0 SpatiallyLoaded:1 Bounds:IsValid=true, Min=(X=66280.000 Y=17240.000 Z=-140.000), Max=(X=76360.000 Y=27320.000 Z=546.250) RuntimeGrid:None EditorOnly:0 RuntimeOnly:0 HLODRelevant:1
 |   |   |- Guid:39298201407996D2BC4428AB29CBCCAB BaseClass: NativeClass:/Script/Landscape.LandscapeStreamingProxy Name:LandscapeStreamingProxy_4PXE9XP5QYPXUUK9VVMG0DP9C_126_3_2_0 Label:LandscapeStreamingProxy_3_2_0 SpatiallyLoaded:1 Bounds:IsValid=true, Min=(X=76360.000 Y=37400.000 Z=-140.000), Max=(X=81400.000 Y=47480.000 Z=324.375) RuntimeGrid:None EditorOnly:0 RuntimeOnly:0 HLODRelevant:1
 |   |   |- Guid:3934BCF3430AE04C9A7826959F83A48F BaseClass: NativeClass:/Script/Landscape.LandscapeStreamingProxy Name:LandscapeStreamingProxy_4PXE9XP5QYPXUUK9VVMG0DP9C_126_2_2_0 Label:LandscapeStreamingProxy_2_2_0 SpatiallyLoaded:1 Bounds:IsValid=true, Min=(X=66280.000 Y=37400.000 Z=-140.000), Max=(X=76360.000 Y=47480.000 Z=546.250) RuntimeGrid:None EditorOnly:0 RuntimeOnly:0 HLODRelevant:1
 |   |   |- Guid:4349204A4FF66EFC420E39B914B921B7 BaseClass: NativeClass:/Script/Engine.StaticMeshActor Name:StaticMeshActor_3 Label:Shape_Cube2 SpatiallyLoaded:1 Bounds:IsValid=true, Min=(X=-2410.000 Y=-2870.000 Z=-10.000), Max=(X=-910.000 Y=-1370.000 Z=2990.000) RuntimeGrid:None EditorOnly:0 RuntimeOnly:0 HLODRelevant:1
 |   |   |- Guid:44D8142A46496272FC73658E01F1E3C8 BaseClass: NativeClass:/Script/Engine.StaticMeshActor Name:StaticMeshActor_UAID_DC4A3E184749812302_1483019171 Label:Shape_Cube8 SpatiallyLoaded:1 Bounds:IsValid=true, Min=(X=19617.500 Y=40642.500 Z=90.000), Max=(X=21742.500 Y=42117.500 Z=190.000) RuntimeGrid:None EditorOnly:0 RuntimeOnly:0 HLODRelevant:1
 |   |   |- Guid:4629B0DE49D4131667C3CCADE225D328 BaseClass: NativeClass:/Script/Engine.StaticMeshActor Name:StaticMeshActor_UAID_DC4A3E184749812302_2075741177 Label:Shape_Cube13 SpatiallyLoaded:1 Bounds:IsValid=true, Min=(X=8470.000 Y=40955.000 Z=-1030.000), Max=(X=12970.000 Y=43705.000 Z=-930.000) RuntimeGrid:None EditorOnly:0 RuntimeOnly:0 HLODRelevant:1
 |   |   |- Guid:55DF51C44F8ABD987B0381BEAAFB0474 BaseClass: NativeClass:/Script/Landscape.LandscapeStreamingProxy Name:LandscapeStreamingProxy_4PXE9XP5QYPXUUK9VVMG0DP9C_126_1_2_0 Label:LandscapeStreamingProxy_1_2_0 SpatiallyLoaded:1 Bounds:IsValid=true, Min=(X=56200.000 Y=37400.000 Z=-140.000), Max=(X=66280.000 Y=47480.000 Z=533.125) RuntimeGrid:None EditorOnly:0 RuntimeOnly:0 HLODRelevant:1
 |   |   |- Guid:5E7EC1D44FFF48748039EE90398CE08F BaseClass: NativeClass:/Script/Landscape.LandscapeStreamingProxy Name:LandscapeStreamingProxy_4PXE9XP5QYPXUUK9VVMG0DP9C_126_0_0_0 Label:LandscapeStreamingProxy_0_0_0 SpatiallyLoaded:1 Bounds:IsValid=true, Min=(X=46120.000 Y=17240.000 Z=-140.000), Max=(X=46120.000 Y=17240.000 Z=-140.000) RuntimeGrid:None EditorOnly:0 RuntimeOnly:0 HLODRelevant:0
 |   |   |- Guid:60F0F05449AB0371904111871AFC463F BaseClass: NativeClass:/Script/Engine.StaticMeshActor Name:StaticMeshActor_UAID_DC4A3E1847494E2102_1116569075 Label:Shape_Pipe_91 SpatiallyLoaded:1 Bounds:IsValid=true, Min=(X=64370.000 Y=-2970.000 Z=2670.000), Max=(X=67370.000 Y=-920.000 Z=2760.000) RuntimeGrid:None EditorOnly:0 RuntimeOnly:0 HLODRelevant:1
 |   |   |- Guid:61BFD02048A3100557AA14B22DA52834 BaseClass: NativeClass:/Script/Engine.StaticMeshActor Name:StaticMeshActor_UAID_DC4A3E1847497F2302_2051245809 Label:Shape_Wedge_B2 SpatiallyLoaded:1 Bounds:IsValid=true, Min=(X=27770.000 Y=54210.000 Z=-180.000), Max=(X=30270.000 Y=54810.000 Z=320.000) RuntimeGrid:None EditorOnly:0 RuntimeOnly:0 HLODRelevant:1
 |   |   |- Guid:63EECF794B5EAA4884ABC9A9B8AD3EB0 BaseClass: NativeClass:/Script/Engine.VolumetricCloud Name:VolumetricCloud_0 Label:VolumetricCloud SpatiallyLoaded:0 Bounds:IsValid=true, Min=(X=0.000 Y=0.000 Z=700.000), Max=(X=0.000 Y=0.000 Z=700.000) RuntimeGrid:None EditorOnly:0 RuntimeOnly:0 HLODRelevant:0 FolderPath:Lighting FolderGuid:63D9E8424D8B15A0D4B19BA33F433229
 |   |   |- Guid:67E7CA5E47D8B13BC49537AA8B7233BC BaseClass: NativeClass:/Script/Engine.StaticMeshActor Name:StaticMeshActor_UAID_DC4A3E184749802302_1998630991 Label:Cube4 SpatiallyLoaded:1 Bounds:IsValid=true, Min=(X=25096.545 Y=40695.841 Z=-279.308), Max=(X=28571.545 Y=47770.841 Z=-179.308) RuntimeGrid:None EditorOnly:0 RuntimeOnly:0 HLODRelevant:1
 |   |   |- Guid:6CA1C65240F788A86C6644B3F970C3A3 BaseClass: NativeClass:/Script/Engine.StaticMeshActor Name:StaticMeshActor_UAID_DC4A3E1847494F2102_1928615259 Label:SM_Track_10M3 SpatiallyLoaded:1 Bounds:IsValid=true, Min=(X=53257.829 Y=54340.000 Z=-210.000), Max=(X=56706.828 Y=55340.000 Z=410.079) RuntimeGrid:None EditorOnly:0 RuntimeOnly:0 HLODRelevant:1
 |   |   |- Guid:6DF6594F4E6A490BDADAF0A01FF9D593 BaseClass: NativeClass:/Script/Engine.StaticMeshActor Name:StaticMeshActor_5 Label:Shape_Cube4 SpatiallyLoaded:1 Bounds:IsValid=true, Min=(X=-2410.000 Y=1270.000 Z=-10.000), Max=(X=-910.000 Y=2770.000 Z=2990.000) RuntimeGrid:None EditorOnly:0 RuntimeOnly:0 HLODRelevant:1
 |   |   |- Guid:6EFBF15740459A0D3919C6AC6B586CD0 BaseClass: NativeClass:/Script/Engine.SkyAtmosphere Name:SkyAtmosphere_0 Label:SkyAtmosphere SpatiallyLoaded:0 Bounds:IsValid=true, Min=(X=0.000 Y=0.000 Z=500.000), Max=(X=0.000 Y=0.000 Z=500.000) RuntimeGrid:None EditorOnly:0 RuntimeOnly:0 HLODRelevant:0 FolderPath:Lighting FolderGuid:63D9E8424D8B15A0D4B19BA33F433229
 |   |   |- Guid:737C242B4ABBE28ADE6574A1EA5A5BF9 BaseClass: NativeClass:/Script/Engine.StaticMeshActor Name:StaticMeshActor_UAID_DC4A3E184749502102_1383676440 Label:SM_Track_10M6 SpatiallyLoaded:1 Bounds:IsValid=true, Min=(X=32830.000 Y=52290.000 Z=-190.000), Max=(X=43310.001 Y=53290.000 Z=-177.500) RuntimeGrid:None EditorOnly:0 RuntimeOnly:0 HLODRelevant:1
 |   |   |- Guid:74B78F724F290EDAF5BD3981493D7DAF BaseClass: NativeClass:/Script/Engine.SkyLight Name:SkyLight_0 Label:SkyLight SpatiallyLoaded:0 Bounds:IsValid=true, Min=(X=0.000 Y=0.000 Z=600.000), Max=(X=0.000 Y=0.000 Z=600.000) RuntimeGrid:None EditorOnly:0 RuntimeOnly:0 HLODRelevant:0 FolderPath:Lighting FolderGuid:63D9E8424D8B15A0D4B19BA33F433229
 |   |   |- Guid:7C1953D94F7C66BA7AB62B8FC6CD7D2E BaseClass: NativeClass:/Script/Engine.StaticMeshActor Name:StaticMeshActor_4 Label:Shape_Cube3 SpatiallyLoaded:1 Bounds:IsValid=true, Min=(X=-590.000 Y=1270.000 Z=-10.000), Max=(X=910.000 Y=2770.000 Z=2990.000) RuntimeGrid:None EditorOnly:0 RuntimeOnly:0 HLODRelevant:1
 |   |   |- Guid:7CFF604B4BC421599E8D1BA1C88620F7 BaseClass: NativeClass:/Script/Landscape.LandscapeStreamingProxy Name:LandscapeStreamingProxy_4PXE9XP5QYPXUUK9VVMG0DP9C_126_0_3_0 Label:LandscapeStreamingProxy_0_3_0 SpatiallyLoaded:1 Bounds:IsValid=true, Min=(X=46120.000 Y=47480.000 Z=-140.000), Max=(X=46120.000 Y=47480.000 Z=-140.000) RuntimeGrid:None EditorOnly:0 RuntimeOnly:0 HLODRelevant:0
 |   |   |- Guid:7D71262343E8B096F7FC03AF6E99F06E BaseClass: NativeClass:/Script/Landscape.LandscapeStreamingProxy Name:LandscapeStreamingProxy_4PXE9XP5QYPXUUK9VVMG0DP9C_126_0_1_0 Label:LandscapeStreamingProxy_0_1_0 SpatiallyLoaded:1 Bounds:IsValid=true, Min=(X=46120.000 Y=27320.000 Z=-140.000), Max=(X=46120.000 Y=27320.000 Z=-140.000) RuntimeGrid:None EditorOnly:0 RuntimeOnly:0 HLODRelevant:0
 |   |   |- Guid:7FF40F2A45B6A24083C0BF940522AE09 BaseClass: NativeClass:/Script/Landscape.LandscapeStreamingProxy Name:LandscapeStreamingProxy_4PXE9XP5QYPXUUK9VVMG0DP9C_126_2_3_0 Label:LandscapeStreamingProxy_2_3_0 SpatiallyLoaded:1 Bounds:IsValid=true, Min=(X=66280.000 Y=47480.000 Z=-140.000), Max=(X=76360.000 Y=57560.000 Z=547.500) RuntimeGrid:None EditorOnly:0 RuntimeOnly:0 HLODRelevant:1
 |   |   |- Guid:89642BFE48F5995CF1F5DFB35469B52D BaseClass: NativeClass:/Script/Engine.StaticMeshActor Name:StaticMeshActor_UAID_DC4A3E1847494D2102_1940942897 Label:Shape_Pipe_90 SpatiallyLoaded:1 Bounds:IsValid=true, Min=(X=66160.000 Y=-4370.000 Z=4460.000), Max=(X=69160.000 Y=-2320.000 Z=4550.000) RuntimeGrid:None EditorOnly:0 RuntimeOnly:0 HLODRelevant:1
 |   |   |- Guid:8B1A23044915CD7FC25F5094EBAAC492 BaseClass: NativeClass:/Script/Engine.WorldDataLayers Name:WorldDataLayers Label:None SpatiallyLoaded:0 Bounds:IsValid=true, Min=(X=0.000 Y=0.000 Z=0.000), Max=(X=0.000 Y=0.000 Z=0.000) RuntimeGrid:None EditorOnly:0 RuntimeOnly:0 HLODRelevant:0
 |   |   |- Guid:8D5536A84B5F3729D48409966EAE23FF BaseClass: NativeClass:/Script/Engine.StaticMeshActor Name:StaticMeshActor_UAID_DC4A3E184749822302_1207620356 Label:Shape_Cube14 SpatiallyLoaded:1 Bounds:IsValid=true, Min=(X=7710.000 Y=40177.500 Z=-1010.000), Max=(X=12210.000 Y=41702.500 Z=1953.000) RuntimeGrid:None EditorOnly:0 RuntimeOnly:0 HLODRelevant:1
 |   |   |- Guid:8EC539BF4F17B2572FAB168C32A52FA0 BaseClass: NativeClass:/Script/Engine.StaticMeshActor Name:StaticMeshActor_UAID_DC4A3E184749812302_2018644176 Label:Shape_Cube12 SpatiallyLoaded:1 Bounds:IsValid=true, Min=(X=12846.818 Y=40955.000 Z=-1030.708), Max=(X=17295.817 Y=43705.000 Z=-150.811) RuntimeGrid:None EditorOnly:0 RuntimeOnly:0 HLODRelevant:1
 |   |   |- Guid:911D47624DEEF84D845CB2B4D0E32ACA BaseClass: NativeClass:/Script/Engine.StaticMeshActor Name:StaticMeshActor_UAID_DC4A3E184749812302_1146997170 Label:Shape_Wedge_B5 SpatiallyLoaded:1 Bounds:IsValid=true, Min=(X=21725.000 Y=40680.000 Z=-190.000), Max=(X=25175.000 Y=43680.000 Z=185.000) RuntimeGrid:None EditorOnly:0 RuntimeOnly:0 HLODRelevant:1
 |   |   |- Guid:928C49DC4B5E3E8112049880F1A60000 BaseClass: NativeClass:/Script/Landscape.LandscapeStreamingProxy Name:LandscapeStreamingProxy_4PXE9XP5QYPXUUK9VVMG0DP9C_126_1_0_0 Label:LandscapeStreamingProxy_1_0_0 SpatiallyLoaded:1 Bounds:IsValid=true, Min=(X=56200.000 Y=17240.000 Z=-140.000), Max=(X=66280.000 Y=27320.000 Z=542.500) RuntimeGrid:None EditorOnly:0 RuntimeOnly:0 HLODRelevant:1
 |   |   |- Guid:9D3DC7364994992E5A7DB3A62F14D15D BaseClass: NativeClass:/Script/Landscape.LandscapeStreamingProxy Name:LandscapeStreamingProxy_4PXE9XP5QYPXUUK9VVMG0DP9C_126_2_1_0 Label:LandscapeStreamingProxy_2_1_0 SpatiallyLoaded:1 Bounds:IsValid=true, Min=(X=66280.000 Y=27320.000 Z=-140.000), Max=(X=76360.000 Y=37400.000 Z=545.625) RuntimeGrid:None EditorOnly:0 RuntimeOnly:0 HLODRelevant:1
 |   |   |- Guid:A606DB744B467CE08EE9F28DFC8B1493 BaseClass: NativeClass:/Script/Engine.StaticMeshActor Name:StaticMeshActor_UAID_DC4A3E184749802302_1159685987 Label:Shape_Trim_90_In SpatiallyLoaded:1 Bounds:IsValid=true, Min=(X=25269.997 Y=52299.995 Z=-180.000), Max=(X=27770.000 Y=54800.000 Z=320.000) RuntimeGrid:None EditorOnly:0 RuntimeOnly:0 HLODRelevant:1
 |   |   |- Guid:A9B24C704953F1C5E5603F9B9874E27F BaseClass: NativeClass:/Script/Landscape.LandscapeStreamingProxy Name:LandscapeStreamingProxy_4PXE9XP5QYPXUUK9VVMG0DP9C_126_1_3_0 Label:LandscapeStreamingProxy_1_3_0 SpatiallyLoaded:1 Bounds:IsValid=true, Min=(X=56200.000 Y=47480.000 Z=-140.000), Max=(X=66280.000 Y=57560.000 Z=547.500) RuntimeGrid:None EditorOnly:0 RuntimeOnly:0 HLODRelevant:1
 |   |   |- Guid:B1CA60C4458F987945F839B32566A14E BaseClass: NativeClass:/Script/Landscape.LandscapeStreamingProxy Name:LandscapeStreamingProxy_4PXE9XP5QYPXUUK9VVMG0DP9C_126_3_0_0 Label:LandscapeStreamingProxy_3_0_0 SpatiallyLoaded:1 Bounds:IsValid=true, Min=(X=76360.000 Y=17240.000 Z=-140.000), Max=(X=81400.000 Y=27320.000 Z=617.500) RuntimeGrid:None EditorOnly:0 RuntimeOnly:0 HLODRelevant:1
 |   |   |- Guid:B2864087493C5C36B7B4819F3B70D9F9 BaseClass: NativeClass:/Script/Engine.StaticMeshActor Name:StaticMeshActor_UAID_DC4A3E1847494E2102_1824760080 Label:Shape_Plane4 SpatiallyLoaded:1 Bounds:IsValid=true, Min=(X=65490.000 Y=3050.957 Z=1664.714), Max=(X=67490.000 Y=9009.043 Z=2715.286) RuntimeGrid:None EditorOnly:0 RuntimeOnly:0 HLODRelevant:1
 |   |   |- Guid:B2CCC42746F05F61AD143DAE8DBE462D BaseClass: NativeClass:/Script/Engine.StaticMeshActor Name:Floor_9 Label:Floor2 SpatiallyLoaded:1 Bounds:IsValid=true, Min=(X=37589.996 Y=-6992.500 Z=-2739.961), Max=(X=72140.000 Y=17848.751 Z=5779.500) RuntimeGrid:None EditorOnly:0 RuntimeOnly:0 HLODRelevant:0
 |   |   |- Guid:B584E62D4A622CE18251959418F9844D BaseClass: NativeClass:/Script/Engine.StaticMeshActor Name:StaticMeshActor_6 Label:StaticMeshActor SpatiallyLoaded:1 Bounds:IsValid=true, Min=(X=40750.000 Y=40.000 Z=8690.000), Max=(X=40750.000 Y=40.000 Z=8690.000) RuntimeGrid:None EditorOnly:0 RuntimeOnly:0 HLODRelevant:0
 |   |   |- Guid:B60F63FA43D12496ECF2D186DBA48C10 BaseClass: NativeClass:/Script/Engine.StaticMeshActor Name:StaticMeshActor_UAID_DC4A3E1847494E2102_1439242078 Label:Shape_Plane2 SpatiallyLoaded:1 Bounds:IsValid=true, Min=(X=66537.896 Y=-2750.703 Z=3757.826), Max=(X=69202.104 Y=1470.703 Z=4502.174) RuntimeGrid:None EditorOnly:0 RuntimeOnly:0 HLODRelevant:1
 |   |   |- Guid:B8B397CD481EB180075308A2DF79B522 BaseClass: NativeClass:/Script/Engine.StaticMeshActor Name:StaticMeshActor_UAID_DC4A3E184749812302_1717683173 Label:Shape_Wedge_B6 SpatiallyLoaded:1 Bounds:IsValid=true, Min=(X=18405.000 Y=40645.000 Z=190.000), Max=(X=19655.000 Y=41695.000 Z=440.000) RuntimeGrid:None EditorOnly:0 RuntimeOnly:0 HLODRelevant:1
 |   |   |- Guid:BC60D0FE4546AC494007BF89B6D76EC2 BaseClass: NativeClass:/Script/Engine.StaticMeshActor Name:StaticMeshActor_UAID_DC4A3E1847497F2302_1583011808 Label:Cube3 SpatiallyLoaded:1 Bounds:IsValid=true, Min=(X=56152.500 Y=52867.500 Z=-700.000), Max=(X=56227.500 Y=55892.500 Z=300.000) RuntimeGrid:None EditorOnly:0 RuntimeOnly:0 HLODRelevant:1
 |   |   |- Guid:BEC84A2F4860E701065D7B820DC5A691 BaseClass: NativeClass:/Script/Engine.StaticMeshActor Name:StaticMeshActor_11 Label:Shape_Cube5 SpatiallyLoaded:1 Bounds:IsValid=true, Min=(X=8330.000 Y=1270.000 Z=-10.000), Max=(X=9830.000 Y=2770.000 Z=2990.000) RuntimeGrid:None EditorOnly:0 RuntimeOnly:0 HLODRelevant:1
 |   |   |- Guid:C36ACC244E4A8F6C3574CA979136AC88 BaseClass: NativeClass:/Script/Engine.ExponentialHeightFog Name:ExponentialHeightFog_0 Label:ExponentialHeightFog SpatiallyLoaded:0 Bounds:IsValid=true, Min=(X=-5600.000 Y=-50.000 Z=15990.000), Max=(X=-5600.000 Y=-50.000 Z=15990.000) RuntimeGrid:None EditorOnly:0 RuntimeOnly:0 HLODRelevant:0 FolderPath:Lighting FolderGuid:63D9E8424D8B15A0D4B19BA33F433229
 |   |   |- Guid:C7F492F54F76E675CA4803B5C5BD0B5A BaseClass: NativeClass:/Script/Engine.StaticMeshActor Name:StaticMeshActor_7 Label:SM_Track_10M SpatiallyLoaded:1 Bounds:IsValid=true, Min=(X=28937.829 Y=-2718.838 Z=0.000), Max=(X=44446.657 Y=-330.000 Z=3000.088) RuntimeGrid:None EditorOnly:0 RuntimeOnly:0 HLODRelevant:1
 |   |   |- Guid:C8F872194486A08DF61E7F9839E3523B BaseClass: NativeClass:/Script/Engine.StaticMeshActor Name:StaticMeshActor_12 Label:Shape_Cube6 SpatiallyLoaded:1 Bounds:IsValid=true, Min=(X=8330.000 Y=-2730.000 Z=-10.000), Max=(X=9830.000 Y=-1230.000 Z=2990.000) RuntimeGrid:None EditorOnly:0 RuntimeOnly:0 HLODRelevant:1
 |   |   |- Guid:CCE24CDE4065DEEF61121497EE7A6B76 BaseClass: NativeClass:/Script/Engine.StaticMeshActor Name:StaticMeshActor_UAID_DC4A3E1847497F2302_1425928807 Label:Cube2 SpatiallyLoaded:1 Bounds:IsValid=true, Min=(X=25076.545 Y=47765.841 Z=-279.308), Max=(X=32951.545 Y=54840.841 Z=-179.308) RuntimeGrid:None EditorOnly:0 RuntimeOnly:0 HLODRelevant:1
 |   |   |- Guid:D14715B9415931417292D59C41DC29D7 BaseClass: NativeClass:/Script/Landscape.LandscapeStreamingProxy Name:LandscapeStreamingProxy_4PXE9XP5QYPXUUK9VVMG0DP9C_126_3_1_0 Label:LandscapeStreamingProxy_3_1_0 SpatiallyLoaded:1 Bounds:IsValid=true, Min=(X=76360.000 Y=27320.000 Z=-220.000), Max=(X=81400.000 Y=37400.000 Z=228.750) RuntimeGrid:None EditorOnly:0 RuntimeOnly:0 HLODRelevant:1
 |   |   |- Guid:D3CBA0B648D81EC7B8459CB185B32C0E BaseClass: NativeClass:/Script/Engine.StaticMeshActor Name:Floor Label:Floor SpatiallyLoaded:1 Bounds:IsValid=true, Min=(X=-5310.011 Y=-2625.000 Z=-400.500), Max=(X=29190.002 Y=2625.000 Z=-0.500) RuntimeGrid:None EditorOnly:0 RuntimeOnly:0 HLODRelevant:0
 |   |   |- Guid:D6B75063427F8C9A4FD9D2BE1BEF2B7A BaseClass: NativeClass:/Script/Engine.StaticMeshActor Name:StaticMeshActor_UAID_DC4A3E184749802302_2128288993 Label:Shape_Wedge_B4 SpatiallyLoaded:1 Bounds:IsValid=true, Min=(X=26590.000 Y=40700.000 Z=-200.000), Max=(X=28590.000 Y=42700.000 Z=2800.000) RuntimeGrid:None EditorOnly:0 RuntimeOnly:0 HLODRelevant:1
 |   |   |- Guid:E473734E45D060D0B446FC812438E5C8 BaseClass: NativeClass:/Script/Landscape.Landscape Name:Landscape_UAID_DC4A3E1847494F2102_1176166258 Label:Landscape SpatiallyLoaded:0 Bounds:IsValid=true, Min=(X=46120.000 Y=17240.000 Z=-140.000), Max=(X=46120.000 Y=17240.000 Z=-140.000) RuntimeGrid:None EditorOnly:0 RuntimeOnly:0 HLODRelevant:0
 |   |   |- Guid:E4C94C984B8C307B9B3E10BFB14C4922 BaseClass: NativeClass:/Script/Engine.StaticMeshActor Name:StaticMeshActor_UAID_DC4A3E184749812302_1758320174 Label:Shape_Cube10 SpatiallyLoaded:1 Bounds:IsValid=true, Min=(X=16277.500 Y=40222.500 Z=340.000), Max=(X=18402.500 Y=41697.500 Z=440.000) RuntimeGrid:None EditorOnly:0 RuntimeOnly:0 HLODRelevant:1
 |   |   |- Guid:E7545C1C413D3ED27F8899AB7362B5C2 BaseClass: NativeClass:/Script/Engine.DirectionalLight Name:DirectionalLight_0 Label:DirectionalLight SpatiallyLoaded:0 Bounds:IsValid=true, Min=(X=-4398046511104.000 Y=-4398046511104.000 Z=-4398046511104.000), Max=(X=4398046511104.000 Y=4398046511104.000 Z=4398046511104.000) RuntimeGrid:None EditorOnly:0 RuntimeOnly:0 HLODRelevant:0 FolderPath:Lighting FolderGuid:63D9E8424D8B15A0D4B19BA33F433229
 |   |   |- Guid:ED6C277F445D5BDD9098B1B0D09ABE39 BaseClass: NativeClass:/Script/Landscape.LandscapeStreamingProxy Name:LandscapeStreamingProxy_4PXE9XP5QYPXUUK9VVMG0DP9C_126_0_2_0 Label:LandscapeStreamingProxy_0_2_0 SpatiallyLoaded:1 Bounds:IsValid=true, Min=(X=46120.000 Y=37400.000 Z=-140.000), Max=(X=46120.000 Y=37400.000 Z=-140.000) RuntimeGrid:None EditorOnly:0 RuntimeOnly:0 HLODRelevant:0
 |   |   |- Guid:EFC5626D4E17B3C1280A8A804CE3254D BaseClass: NativeClass:/Script/Engine.StaticMeshActor Name:StaticMeshActor_2 Label:Shape_Cube SpatiallyLoaded:1 Bounds:IsValid=true, Min=(X=-590.000 Y=-2870.000 Z=-10.000), Max=(X=910.000 Y=-1370.000 Z=2990.000) RuntimeGrid:None EditorOnly:0 RuntimeOnly:0 HLODRelevant:1
 |   |   |- Guid:F51BFDDB4D4B64928AC8FE975698DA15 BaseClass: NativeClass:/Script/Landscape.LandscapeStreamingProxy Name:LandscapeStreamingProxy_4PXE9XP5QYPXUUK9VVMG0DP9C_126_1_1_0 Label:LandscapeStreamingProxy_1_1_0 SpatiallyLoaded:1 Bounds:IsValid=true, Min=(X=56200.000 Y=27320.000 Z=-220.000), Max=(X=66280.000 Y=37400.000 Z=586.250) RuntimeGrid:None EditorOnly:0 RuntimeOnly:0 HLODRelevant:1
 |   |   |- Guid:F6D5CAC74C2F78A56DD4898DAB0F4A0E BaseClass: NativeClass:/Script/Engine.StaticMeshActor Name:StaticMeshActor_UAID_DC4A3E184749812302_1947054175 Label:Shape_Cube11 SpatiallyLoaded:1 Bounds:IsValid=true, Min=(X=12175.692 Y=40177.500 Z=320.455), Max=(X=16438.510 Y=41702.500 Z=1953.515) RuntimeGrid:None EditorOnly:0 RuntimeOnly:0 HLODRelevant:1
 |   |   |- Guid:F7D5973D43AA53B641D2E6A183995617 BaseClass: NativeClass:/Script/Engine.StaticMeshActor Name:StaticMeshActor_UAID_DC4A3E184749502102_1203979439 Label:Cube SpatiallyLoaded:1 Bounds:IsValid=true, Min=(X=43190.000 Y=50670.000 Z=-280.000), Max=(X=56490.000 Y=55670.000 Z=-180.000) RuntimeGrid:None EditorOnly:0 RuntimeOnly:0 HLODRelevant:1
 |   |   |- Guid:F8C1CD5D4B17003E955619B811651F4C BaseClass: NativeClass:/Script/Engine.StaticMeshActor Name:StaticMeshActor_UAID_DC4A3E184749812302_1515707172 Label:Shape_Cube9 SpatiallyLoaded:1 Bounds:IsValid=true, Min=(X=17270.000 Y=40955.000 Z=-250.000), Max=(X=21770.000 Y=43705.000 Z=-150.000) RuntimeGrid:None EditorOnly:0 RuntimeOnly:0 HLODRelevant:1
 |   |   |- Guid:FA6D59174AE1DBD00BD78BA9C2EDAF73 BaseClass: NativeClass:/Script/Engine.StaticMeshActor Name:StaticMeshActor_10 Label:Shape_Wedge_B SpatiallyLoaded:1 Bounds:IsValid=true, Min=(X=51315.000 Y=-4370.000 Z=2760.000), Max=(X=59165.000 Y=-3170.000 Z=4560.000) RuntimeGrid:None EditorOnly:0 RuntimeOnly:0 HLODRelevant:1
 |   |- [+] Clusters:
 |   |   |- [+] [  0]
 |   |   |   |- Guid:F7D5973D43AA53B641D2E6A183995617 BaseClass: NativeClass:/Script/Engine.StaticMeshActor Name:StaticMeshActor_UAID_DC4A3E184749502102_1203979439 Label:Cube SpatiallyLoaded:1 Bounds:IsValid=true, Min=(X=43190.000 Y=50670.000 Z=-280.000), Max=(X=56490.000 Y=55670.000 Z=-180.000) RuntimeGrid:None EditorOnly:0 RuntimeOnly:0 HLODRelevant:1
 |   |   |- [+] [  1]
 |   |   |   |- Guid:A9B24C704953F1C5E5603F9B9874E27F BaseClass: NativeClass:/Script/Landscape.LandscapeStreamingProxy Name:LandscapeStreamingProxy_4PXE9XP5QYPXUUK9VVMG0DP9C_126_1_3_0 Label:LandscapeStreamingProxy_1_3_0 SpatiallyLoaded:1 Bounds:IsValid=true, Min=(X=56200.000 Y=47480.000 Z=-140.000), Max=(X=66280.000 Y=57560.000 Z=547.500) RuntimeGrid:None EditorOnly:0 RuntimeOnly:0 HLODRelevant:1
 |   |   |- [+] [  2]
 |   |   |   |- Guid:B584E62D4A622CE18251959418F9844D BaseClass: NativeClass:/Script/Engine.StaticMeshActor Name:StaticMeshActor_6 Label:StaticMeshActor SpatiallyLoaded:1 Bounds:IsValid=true, Min=(X=40750.000 Y=40.000 Z=8690.000), Max=(X=40750.000 Y=40.000 Z=8690.000) RuntimeGrid:None EditorOnly:0 RuntimeOnly:0 HLODRelevant:0
 |   |   |- [+] [  3]
 |   |   |   |- Guid:E7545C1C413D3ED27F8899AB7362B5C2 BaseClass: NativeClass:/Script/Engine.DirectionalLight Name:DirectionalLight_0 Label:DirectionalLight SpatiallyLoaded:0 Bounds:IsValid=true, Min=(X=-4398046511104.000 Y=-4398046511104.000 Z=-4398046511104.000), Max=(X=4398046511104.000 Y=4398046511104.000 Z=4398046511104.000) RuntimeGrid:None EditorOnly:0 RuntimeOnly:0 HLODRelevant:0 FolderPath:Lighting FolderGuid:63D9E8424D8B15A0D4B19BA33F433229
 |   |   |- [+] [  4]
 |   |   |   |- Guid:ED6C277F445D5BDD9098B1B0D09ABE39 BaseClass: NativeClass:/Script/Landscape.LandscapeStreamingProxy Name:LandscapeStreamingProxy_4PXE9XP5QYPXUUK9VVMG0DP9C_126_0_2_0 Label:LandscapeStreamingProxy_0_2_0 SpatiallyLoaded:1 Bounds:IsValid=true, Min=(X=46120.000 Y=37400.000 Z=-140.000), Max=(X=46120.000 Y=37400.000 Z=-140.000) RuntimeGrid:None EditorOnly:0 RuntimeOnly:0 HLODRelevant:0
 |   |   |- [+] [  5]
 |   |   |   |- Guid:0855FC344F89D23AD682D6AE072F9F2C BaseClass: NativeClass:/Script/Engine.StaticMeshActor Name:StaticMeshActor_UAID_DC4A3E1847494E2102_1357859077 Label:Shape_Plane SpatiallyLoaded:1 Bounds:IsValid=true, Min=(X=65490.000 Y=-930.000 Z=2740.000), Max=(X=67490.000 Y=3070.000 Z=2740.000) RuntimeGrid:None EditorOnly:0 RuntimeOnly:0 HLODRelevant:1
 |   |   |- [+] [  6]
 |   |   |   |- Guid:4349204A4FF66EFC420E39B914B921B7 BaseClass: NativeClass:/Script/Engine.StaticMeshActor Name:StaticMeshActor_3 Label:Shape_Cube2 SpatiallyLoaded:1 Bounds:IsValid=true, Min=(X=-2410.000 Y=-2870.000 Z=-10.000), Max=(X=-910.000 Y=-1370.000 Z=2990.000) RuntimeGrid:None EditorOnly:0 RuntimeOnly:0 HLODRelevant:1
 |   |   |- [+] [  7]
 |   |   |   |- Guid:74B78F724F290EDAF5BD3981493D7DAF BaseClass: NativeClass:/Script/Engine.SkyLight Name:SkyLight_0 Label:SkyLight SpatiallyLoaded:0 Bounds:IsValid=true, Min=(X=0.000 Y=0.000 Z=600.000), Max=(X=0.000 Y=0.000 Z=600.000) RuntimeGrid:None EditorOnly:0 RuntimeOnly:0 HLODRelevant:0 FolderPath:Lighting FolderGuid:63D9E8424D8B15A0D4B19BA33F433229
 |   |   |- [+] [  8]
 |   |   |   |- Guid:7FF40F2A45B6A24083C0BF940522AE09 BaseClass: NativeClass:/Script/Landscape.LandscapeStreamingProxy Name:LandscapeStreamingProxy_4PXE9XP5QYPXUUK9VVMG0DP9C_126_2_3_0 Label:LandscapeStreamingProxy_2_3_0 SpatiallyLoaded:1 Bounds:IsValid=true, Min=(X=66280.000 Y=47480.000 Z=-140.000), Max=(X=76360.000 Y=57560.000 Z=547.500) RuntimeGrid:None EditorOnly:0 RuntimeOnly:0 HLODRelevant:1
 |   |   |- [+] [  9]
 |   |   |   |- Guid:C8F872194486A08DF61E7F9839E3523B BaseClass: NativeClass:/Script/Engine.StaticMeshActor Name:StaticMeshActor_12 Label:Shape_Cube6 SpatiallyLoaded:1 Bounds:IsValid=true, Min=(X=8330.000 Y=-2730.000 Z=-10.000), Max=(X=9830.000 Y=-1230.000 Z=2990.000) RuntimeGrid:None EditorOnly:0 RuntimeOnly:0 HLODRelevant:1
 |   |   |- [+] [ 10]
 |   |   |   |- Guid:C7F492F54F76E675CA4803B5C5BD0B5A BaseClass: NativeClass:/Script/Engine.StaticMeshActor Name:StaticMeshActor_7 Label:SM_Track_10M SpatiallyLoaded:1 Bounds:IsValid=true, Min=(X=28937.829 Y=-2718.838 Z=0.000), Max=(X=44446.657 Y=-330.000 Z=3000.088) RuntimeGrid:None EditorOnly:0 RuntimeOnly:0 HLODRelevant:1
 |   |   |- [+] [ 11]
 |   |   |   |- Guid:20EA40674E50F7E42C720DA08AEB3DD0 BaseClass: NativeClass:/Script/Engine.StaticMeshActor Name:StaticMeshActor_8 Label:SM_Track_10M2 SpatiallyLoaded:1 Bounds:IsValid=true, Min=(X=28940.000 Y=260.000 Z=-1421.338), Max=(X=36954.796 Y=1260.000 Z=12.500) RuntimeGrid:None EditorOnly:0 RuntimeOnly:0 HLODRelevant:1
 |   |   |- [+] [ 12]
 |   |   |   |- Guid:7D71262343E8B096F7FC03AF6E99F06E BaseClass: NativeClass:/Script/Landscape.LandscapeStreamingProxy Name:LandscapeStreamingProxy_4PXE9XP5QYPXUUK9VVMG0DP9C_126_0_1_0 Label:LandscapeStreamingProxy_0_1_0 SpatiallyLoaded:1 Bounds:IsValid=true, Min=(X=46120.000 Y=27320.000 Z=-140.000), Max=(X=46120.000 Y=27320.000 Z=-140.000) RuntimeGrid:None EditorOnly:0 RuntimeOnly:0 HLODRelevant:0
 |   |   |- [+] [ 13]
 |   |   |   |- Guid:D14715B9415931417292D59C41DC29D7 BaseClass: NativeClass:/Script/Landscape.LandscapeStreamingProxy Name:LandscapeStreamingProxy_4PXE9XP5QYPXUUK9VVMG0DP9C_126_3_1_0 Label:LandscapeStreamingProxy_3_1_0 SpatiallyLoaded:1 Bounds:IsValid=true, Min=(X=76360.000 Y=27320.000 Z=-220.000), Max=(X=81400.000 Y=37400.000 Z=228.750) RuntimeGrid:None EditorOnly:0 RuntimeOnly:0 HLODRelevant:1
 |   |   |- [+] [ 14]
 |   |   |   |- Guid:D3CBA0B648D81EC7B8459CB185B32C0E BaseClass: NativeClass:/Script/Engine.StaticMeshActor Name:Floor Label:Floor SpatiallyLoaded:1 Bounds:IsValid=true, Min=(X=-5310.011 Y=-2625.000 Z=-400.500), Max=(X=29190.002 Y=2625.000 Z=-0.500) RuntimeGrid:None EditorOnly:0 RuntimeOnly:0 HLODRelevant:0
 |   |   |- [+] [ 15]
 |   |   |   |- Guid:BEC84A2F4860E701065D7B820DC5A691 BaseClass: NativeClass:/Script/Engine.StaticMeshActor Name:StaticMeshActor_11 Label:Shape_Cube5 SpatiallyLoaded:1 Bounds:IsValid=true, Min=(X=8330.000 Y=1270.000 Z=-10.000), Max=(X=9830.000 Y=2770.000 Z=2990.000) RuntimeGrid:None EditorOnly:0 RuntimeOnly:0 HLODRelevant:1
 |   |   |- [+] [ 16]
 |   |   |   |- Guid:60F0F05449AB0371904111871AFC463F BaseClass: NativeClass:/Script/Engine.StaticMeshActor Name:StaticMeshActor_UAID_DC4A3E1847494E2102_1116569075 Label:Shape_Pipe_91 SpatiallyLoaded:1 Bounds:IsValid=true, Min=(X=64370.000 Y=-2970.000 Z=2670.000), Max=(X=67370.000 Y=-920.000 Z=2760.000) RuntimeGrid:None EditorOnly:0 RuntimeOnly:0 HLODRelevant:1
 |   |   |- [+] [ 17]
 |   |   |   |- Guid:3934BCF3430AE04C9A7826959F83A48F BaseClass: NativeClass:/Script/Landscape.LandscapeStreamingProxy Name:LandscapeStreamingProxy_4PXE9XP5QYPXUUK9VVMG0DP9C_126_2_2_0 Label:LandscapeStreamingProxy_2_2_0 SpatiallyLoaded:1 Bounds:IsValid=true, Min=(X=66280.000 Y=37400.000 Z=-140.000), Max=(X=76360.000 Y=47480.000 Z=546.250) RuntimeGrid:None EditorOnly:0 RuntimeOnly:0 HLODRelevant:1
 |   |   |- [+] [ 18]
 |   |   |   |- Guid:3687B04944EE31042D19B1917B5A2450 BaseClass:/Game/VehicleTemplate/Blueprints/SportsCar/SportsCar_Pawn.SportsCar_Pawn_C NativeClass:/Script/ChaosVehicles.WheeledVehiclePawn Name:SportsCar_Pawn_C_1 Label:SportsCar_Pawn SpatiallyLoaded:1 Bounds:IsValid=true, Min=(X=-2383.507 Y=-240.650 Z=-14.659), Max=(X=-1912.406 Y=20.650 Z=121.318) RuntimeGrid:None EditorOnly:0 RuntimeOnly:0 HLODRelevant:0
 |   |   |- [+] [ 19]
 |   |   |   |- Guid:737C242B4ABBE28ADE6574A1EA5A5BF9 BaseClass: NativeClass:/Script/Engine.StaticMeshActor Name:StaticMeshActor_UAID_DC4A3E184749502102_1383676440 Label:SM_Track_10M6 SpatiallyLoaded:1 Bounds:IsValid=true, Min=(X=32830.000 Y=52290.000 Z=-190.000), Max=(X=43310.001 Y=53290.000 Z=-177.500) RuntimeGrid:None EditorOnly:0 RuntimeOnly:0 HLODRelevant:1
 |   |   |- [+] [ 20]
 |   |   |   |- Guid:55DF51C44F8ABD987B0381BEAAFB0474 BaseClass: NativeClass:/Script/Landscape.LandscapeStreamingProxy Name:LandscapeStreamingProxy_4PXE9XP5QYPXUUK9VVMG0DP9C_126_1_2_0 Label:LandscapeStreamingProxy_1_2_0 SpatiallyLoaded:1 Bounds:IsValid=true, Min=(X=56200.000 Y=37400.000 Z=-140.000), Max=(X=66280.000 Y=47480.000 Z=533.125) RuntimeGrid:None EditorOnly:0 RuntimeOnly:0 HLODRelevant:1
 |   |   |- [+] [ 21]
 |   |   |   |- Guid:38E0ABCB40567A1414A5CCB9C77E9A6B BaseClass: NativeClass:/Script/Landscape.LandscapeStreamingProxy Name:LandscapeStreamingProxy_4PXE9XP5QYPXUUK9VVMG0DP9C_126_2_0_0 Label:LandscapeStreamingProxy_2_0_0 SpatiallyLoaded:1 Bounds:IsValid=true, Min=(X=66280.000 Y=17240.000 Z=-140.000), Max=(X=76360.000 Y=27320.000 Z=546.250) RuntimeGrid:None EditorOnly:0 RuntimeOnly:0 HLODRelevant:1
 |   |   |- [+] [ 22]
 |   |   |   |- Guid:6DF6594F4E6A490BDADAF0A01FF9D593 BaseClass: NativeClass:/Script/Engine.StaticMeshActor Name:StaticMeshActor_5 Label:Shape_Cube4 SpatiallyLoaded:1 Bounds:IsValid=true, Min=(X=-2410.000 Y=1270.000 Z=-10.000), Max=(X=-910.000 Y=2770.000 Z=2990.000) RuntimeGrid:None EditorOnly:0 RuntimeOnly:0 HLODRelevant:1
 |   |   |- [+] [ 23]
 |   |   |   |- Guid:5E7EC1D44FFF48748039EE90398CE08F BaseClass: NativeClass:/Script/Landscape.LandscapeStreamingProxy Name:LandscapeStreamingProxy_4PXE9XP5QYPXUUK9VVMG0DP9C_126_0_0_0 Label:LandscapeStreamingProxy_0_0_0 SpatiallyLoaded:1 Bounds:IsValid=true, Min=(X=46120.000 Y=17240.000 Z=-140.000), Max=(X=46120.000 Y=17240.000 Z=-140.000) RuntimeGrid:None EditorOnly:0 RuntimeOnly:0 HLODRelevant:0
 |   |   |- [+] [ 24]
 |   |   |   |- Guid:B2864087493C5C36B7B4819F3B70D9F9 BaseClass: NativeClass:/Script/Engine.StaticMeshActor Name:StaticMeshActor_UAID_DC4A3E1847494E2102_1824760080 Label:Shape_Plane4 SpatiallyLoaded:1 Bounds:IsValid=true, Min=(X=65490.000 Y=3050.957 Z=1664.714), Max=(X=67490.000 Y=9009.043 Z=2715.286) RuntimeGrid:None EditorOnly:0 RuntimeOnly:0 HLODRelevant:1
 |   |   |- [+] [ 25]
 |   |   |   |- Guid:7C1953D94F7C66BA7AB62B8FC6CD7D2E BaseClass: NativeClass:/Script/Engine.StaticMeshActor Name:StaticMeshActor_4 Label:Shape_Cube3 SpatiallyLoaded:1 Bounds:IsValid=true, Min=(X=-590.000 Y=1270.000 Z=-10.000), Max=(X=910.000 Y=2770.000 Z=2990.000) RuntimeGrid:None EditorOnly:0 RuntimeOnly:0 HLODRelevant:1
 |   |   |- [+] [ 26]
 |   |   |   |- Guid:E473734E45D060D0B446FC812438E5C8 BaseClass: NativeClass:/Script/Landscape.Landscape Name:Landscape_UAID_DC4A3E1847494F2102_1176166258 Label:Landscape SpatiallyLoaded:0 Bounds:IsValid=true, Min=(X=46120.000 Y=17240.000 Z=-140.000), Max=(X=46120.000 Y=17240.000 Z=-140.000) RuntimeGrid:None EditorOnly:0 RuntimeOnly:0 HLODRelevant:0
 |   |   |- [+] [ 27]
 |   |   |   |- Guid:21728000484B93EE622AA2A061B59826 BaseClass: NativeClass:/Script/Engine.StaticMeshActor Name:StaticMeshActor_UAID_DC4A3E1847494F2102_2002328261 Label:SM_Track_10M4 SpatiallyLoaded:1 Bounds:IsValid=true, Min=(X=32820.000 Y=53430.000 Z=-190.000), Max=(X=43310.001 Y=54430.000 Z=-177.500) RuntimeGrid:None EditorOnly:0 RuntimeOnly:0 HLODRelevant:1
 |   |   |- [+] [ 28]
 |   |   |   |- Guid:8B1A23044915CD7FC25F5094EBAAC492 BaseClass: NativeClass:/Script/Engine.WorldDataLayers Name:WorldDataLayers Label:None SpatiallyLoaded:0 Bounds:IsValid=true, Min=(X=0.000 Y=0.000 Z=0.000), Max=(X=0.000 Y=0.000 Z=0.000) RuntimeGrid:None EditorOnly:0 RuntimeOnly:0 HLODRelevant:0
 |   |   |- [+] [ 29]
 |   |   |   |- Guid:FA6D59174AE1DBD00BD78BA9C2EDAF73 BaseClass: NativeClass:/Script/Engine.StaticMeshActor Name:StaticMeshActor_10 Label:Shape_Wedge_B SpatiallyLoaded:1 Bounds:IsValid=true, Min=(X=51315.000 Y=-4370.000 Z=2760.000), Max=(X=59165.000 Y=-3170.000 Z=4560.000) RuntimeGrid:None EditorOnly:0 RuntimeOnly:0 HLODRelevant:1
 |   |   |- [+] [ 30]
 |   |   |   |- Guid:B2CCC42746F05F61AD143DAE8DBE462D BaseClass: NativeClass:/Script/Engine.StaticMeshActor Name:Floor_9 Label:Floor2 SpatiallyLoaded:1 Bounds:IsValid=true, Min=(X=37589.996 Y=-6992.500 Z=-2739.961), Max=(X=72140.000 Y=17848.751 Z=5779.500) RuntimeGrid:None EditorOnly:0 RuntimeOnly:0 HLODRelevant:0
 |   |   |- [+] [ 31]
 |   |   |   |- Guid:6CA1C65240F788A86C6644B3F970C3A3 BaseClass: NativeClass:/Script/Engine.StaticMeshActor Name:StaticMeshActor_UAID_DC4A3E1847494F2102_1928615259 Label:SM_Track_10M3 SpatiallyLoaded:1 Bounds:IsValid=true, Min=(X=53257.829 Y=54340.000 Z=-210.000), Max=(X=56706.828 Y=55340.000 Z=410.079) RuntimeGrid:None EditorOnly:0 RuntimeOnly:0 HLODRelevant:1
 |   |   |- [+] [ 32]
 |   |   |   |- Guid:63EECF794B5EAA4884ABC9A9B8AD3EB0 BaseClass: NativeClass:/Script/Engine.VolumetricCloud Name:VolumetricCloud_0 Label:VolumetricCloud SpatiallyLoaded:0 Bounds:IsValid=true, Min=(X=0.000 Y=0.000 Z=700.000), Max=(X=0.000 Y=0.000 Z=700.000) RuntimeGrid:None EditorOnly:0 RuntimeOnly:0 HLODRelevant:0 FolderPath:Lighting FolderGuid:63D9E8424D8B15A0D4B19BA33F433229
 |   |   |- [+] [ 33]
 |   |   |   |- Guid:B1CA60C4458F987945F839B32566A14E BaseClass: NativeClass:/Script/Landscape.LandscapeStreamingProxy Name:LandscapeStreamingProxy_4PXE9XP5QYPXUUK9VVMG0DP9C_126_3_0_0 Label:LandscapeStreamingProxy_3_0_0 SpatiallyLoaded:1 Bounds:IsValid=true, Min=(X=76360.000 Y=17240.000 Z=-140.000), Max=(X=81400.000 Y=27320.000 Z=617.500) RuntimeGrid:None EditorOnly:0 RuntimeOnly:0 HLODRelevant:1
 |   |   |- [+] [ 34]
 |   |   |   |- Guid:C36ACC244E4A8F6C3574CA979136AC88 BaseClass: NativeClass:/Script/Engine.ExponentialHeightFog Name:ExponentialHeightFog_0 Label:ExponentialHeightFog SpatiallyLoaded:0 Bounds:IsValid=true, Min=(X=-5600.000 Y=-50.000 Z=15990.000), Max=(X=-5600.000 Y=-50.000 Z=15990.000) RuntimeGrid:None EditorOnly:0 RuntimeOnly:0 HLODRelevant:0 FolderPath:Lighting FolderGuid:63D9E8424D8B15A0D4B19BA33F433229
 |   |   |- [+] [ 35]
 |   |   |   |- Guid:7CFF604B4BC421599E8D1BA1C88620F7 BaseClass: NativeClass:/Script/Landscape.LandscapeStreamingProxy Name:LandscapeStreamingProxy_4PXE9XP5QYPXUUK9VVMG0DP9C_126_0_3_0 Label:LandscapeStreamingProxy_0_3_0 SpatiallyLoaded:1 Bounds:IsValid=true, Min=(X=46120.000 Y=47480.000 Z=-140.000), Max=(X=46120.000 Y=47480.000 Z=-140.000) RuntimeGrid:None EditorOnly:0 RuntimeOnly:0 HLODRelevant:0
 |   |   |- [+] [ 36]
 |   |   |   |- Guid:B60F63FA43D12496ECF2D186DBA48C10 BaseClass: NativeClass:/Script/Engine.StaticMeshActor Name:StaticMeshActor_UAID_DC4A3E1847494E2102_1439242078 Label:Shape_Plane2 SpatiallyLoaded:1 Bounds:IsValid=true, Min=(X=66537.896 Y=-2750.703 Z=3757.826), Max=(X=69202.104 Y=1470.703 Z=4502.174) RuntimeGrid:None EditorOnly:0 RuntimeOnly:0 HLODRelevant:1
 |   |   |- [+] [ 37]
 |   |   |   |- Guid:EFC5626D4E17B3C1280A8A804CE3254D BaseClass: NativeClass:/Script/Engine.StaticMeshActor Name:StaticMeshActor_2 Label:Shape_Cube SpatiallyLoaded:1 Bounds:IsValid=true, Min=(X=-590.000 Y=-2870.000 Z=-10.000), Max=(X=910.000 Y=-1370.000 Z=2990.000) RuntimeGrid:None EditorOnly:0 RuntimeOnly:0 HLODRelevant:1
 |   |   |- [+] [ 38]
 |   |   |   |- Guid:F51BFDDB4D4B64928AC8FE975698DA15 BaseClass: NativeClass:/Script/Landscape.LandscapeStreamingProxy Name:LandscapeStreamingProxy_4PXE9XP5QYPXUUK9VVMG0DP9C_126_1_1_0 Label:LandscapeStreamingProxy_1_1_0 SpatiallyLoaded:1 Bounds:IsValid=true, Min=(X=56200.000 Y=27320.000 Z=-220.000), Max=(X=66280.000 Y=37400.000 Z=586.250) RuntimeGrid:None EditorOnly:0 RuntimeOnly:0 HLODRelevant:1
 |   |   |- [+] [ 39]
 |   |   |   |- Guid:39298201407996D2BC4428AB29CBCCAB BaseClass: NativeClass:/Script/Landscape.LandscapeStreamingProxy Name:LandscapeStreamingProxy_4PXE9XP5QYPXUUK9VVMG0DP9C_126_3_2_0 Label:LandscapeStreamingProxy_3_2_0 SpatiallyLoaded:1 Bounds:IsValid=true, Min=(X=76360.000 Y=37400.000 Z=-140.000), Max=(X=81400.000 Y=47480.000 Z=324.375) RuntimeGrid:None EditorOnly:0 RuntimeOnly:0 HLODRelevant:1
 |   |   |- [+] [ 40]
 |   |   |   |- Guid:928C49DC4B5E3E8112049880F1A60000 BaseClass: NativeClass:/Script/Landscape.LandscapeStreamingProxy Name:LandscapeStreamingProxy_4PXE9XP5QYPXUUK9VVMG0DP9C_126_1_0_0 Label:LandscapeStreamingProxy_1_0_0 SpatiallyLoaded:1 Bounds:IsValid=true, Min=(X=56200.000 Y=17240.000 Z=-140.000), Max=(X=66280.000 Y=27320.000 Z=542.500) RuntimeGrid:None EditorOnly:0 RuntimeOnly:0 HLODRelevant:1
 |   |   |- [+] [ 41]
 |   |   |   |- Guid:24D8097C4D1A819D593045BE37480076 BaseClass: NativeClass:/Script/Landscape.LandscapeStreamingProxy Name:LandscapeStreamingProxy_4PXE9XP5QYPXUUK9VVMG0DP9C_126_3_3_0 Label:LandscapeStreamingProxy_3_3_0 SpatiallyLoaded:1 Bounds:IsValid=true, Min=(X=76360.000 Y=47480.000 Z=-220.000), Max=(X=81400.000 Y=57560.000 Z=-60.000) RuntimeGrid:None EditorOnly:0 RuntimeOnly:0 HLODRelevant:1
 |   |   |- [+] [ 42]
 |   |   |   |- Guid:6EFBF15740459A0D3919C6AC6B586CD0 BaseClass: NativeClass:/Script/Engine.SkyAtmosphere Name:SkyAtmosphere_0 Label:SkyAtmosphere SpatiallyLoaded:0 Bounds:IsValid=true, Min=(X=0.000 Y=0.000 Z=500.000), Max=(X=0.000 Y=0.000 Z=500.000) RuntimeGrid:None EditorOnly:0 RuntimeOnly:0 HLODRelevant:0 FolderPath:Lighting FolderGuid:63D9E8424D8B15A0D4B19BA33F433229
 |   |   |- [+] [ 43]
 |   |   |   |- Guid:89642BFE48F5995CF1F5DFB35469B52D BaseClass: NativeClass:/Script/Engine.StaticMeshActor Name:StaticMeshActor_UAID_DC4A3E1847494D2102_1940942897 Label:Shape_Pipe_90 SpatiallyLoaded:1 Bounds:IsValid=true, Min=(X=66160.000 Y=-4370.000 Z=4460.000), Max=(X=69160.000 Y=-2320.000 Z=4550.000) RuntimeGrid:None EditorOnly:0 RuntimeOnly:0 HLODRelevant:1
 |   |   |- [+] [ 44]
 |   |   |   |- Guid:9D3DC7364994992E5A7DB3A62F14D15D BaseClass: NativeClass:/Script/Landscape.LandscapeStreamingProxy Name:LandscapeStreamingProxy_4PXE9XP5QYPXUUK9VVMG0DP9C_126_2_1_0 Label:LandscapeStreamingProxy_2_1_0 SpatiallyLoaded:1 Bounds:IsValid=true, Min=(X=66280.000 Y=27320.000 Z=-140.000), Max=(X=76360.000 Y=37400.000 Z=545.625) RuntimeGrid:None EditorOnly:0 RuntimeOnly:0 HLODRelevant:1
 |   |   |- [+] [ 45]
 |   |   |   |- Guid:161A6CED4E5B1989D0AE8CA24E67654C BaseClass: NativeClass:/Script/Engine.StaticMeshActor Name:StaticMeshActor_UAID_DC4A3E1847494E2102_2026015081 Label:Shape_Cube7 SpatiallyLoaded:1 Bounds:IsValid=true, Min=(X=62510.000 Y=3400.000 Z=-550.000), Max=(X=65510.000 Y=6400.000 Z=9450.000) RuntimeGrid:None EditorOnly:0 RuntimeOnly:0 HLODRelevant:1
 |   |   |- [+] [ 46]
 |   |   |   |- Guid:CCE24CDE4065DEEF61121497EE7A6B76 BaseClass: NativeClass:/Script/Engine.StaticMeshActor Name:StaticMeshActor_UAID_DC4A3E1847497F2302_1425928807 Label:Cube2 SpatiallyLoaded:1 Bounds:IsValid=true, Min=(X=25076.545 Y=47765.841 Z=-279.308), Max=(X=32951.545 Y=54840.841 Z=-179.308) RuntimeGrid:None EditorOnly:0 RuntimeOnly:0 HLODRelevant:1
 |   |   |- [+] [ 47]
 |   |   |   |- Guid:BC60D0FE4546AC494007BF89B6D76EC2 BaseClass: NativeClass:/Script/Engine.StaticMeshActor Name:StaticMeshActor_UAID_DC4A3E1847497F2302_1583011808 Label:Cube3 SpatiallyLoaded:1 Bounds:IsValid=true, Min=(X=56152.500 Y=52867.500 Z=-700.000), Max=(X=56227.500 Y=55892.500 Z=300.000) RuntimeGrid:None EditorOnly:0 RuntimeOnly:0 HLODRelevant:1
 |   |   |- [+] [ 48]
 |   |   |   |- Guid:61BFD02048A3100557AA14B22DA52834 BaseClass: NativeClass:/Script/Engine.StaticMeshActor Name:StaticMeshActor_UAID_DC4A3E1847497F2302_2051245809 Label:Shape_Wedge_B2 SpatiallyLoaded:1 Bounds:IsValid=true, Min=(X=27770.000 Y=54210.000 Z=-180.000), Max=(X=30270.000 Y=54810.000 Z=320.000) RuntimeGrid:None EditorOnly:0 RuntimeOnly:0 HLODRelevant:1
 |   |   |- [+] [ 49]
 |   |   |   |- Guid:A606DB744B467CE08EE9F28DFC8B1493 BaseClass: NativeClass:/Script/Engine.StaticMeshActor Name:StaticMeshActor_UAID_DC4A3E184749802302_1159685987 Label:Shape_Trim_90_In SpatiallyLoaded:1 Bounds:IsValid=true, Min=(X=25269.997 Y=52299.995 Z=-180.000), Max=(X=27770.000 Y=54800.000 Z=320.000) RuntimeGrid:None EditorOnly:0 RuntimeOnly:0 HLODRelevant:1
 |   |   |- [+] [ 50]
 |   |   |   |- Guid:1848BDAB4F2E6240ECC005ACBD137080 BaseClass: NativeClass:/Script/Engine.StaticMeshActor Name:StaticMeshActor_UAID_DC4A3E184749802302_1355612989 Label:Shape_Wedge_B3 SpatiallyLoaded:1 Bounds:IsValid=true, Min=(X=25263.297 Y=49805.678 Z=-184.243), Max=(X=25863.297 Y=52305.678 Z=315.757) RuntimeGrid:None EditorOnly:0 RuntimeOnly:0 HLODRelevant:1
 |   |   |- [+] [ 51]
 |   |   |   |- Guid:67E7CA5E47D8B13BC49537AA8B7233BC BaseClass: NativeClass:/Script/Engine.StaticMeshActor Name:StaticMeshActor_UAID_DC4A3E184749802302_1998630991 Label:Cube4 SpatiallyLoaded:1 Bounds:IsValid=true, Min=(X=25096.545 Y=40695.841 Z=-279.308), Max=(X=28571.545 Y=47770.841 Z=-179.308) RuntimeGrid:None EditorOnly:0 RuntimeOnly:0 HLODRelevant:1
 |   |   |- [+] [ 52]
 |   |   |   |- Guid:D6B75063427F8C9A4FD9D2BE1BEF2B7A BaseClass: NativeClass:/Script/Engine.StaticMeshActor Name:StaticMeshActor_UAID_DC4A3E184749802302_2128288993 Label:Shape_Wedge_B4 SpatiallyLoaded:1 Bounds:IsValid=true, Min=(X=26590.000 Y=40700.000 Z=-200.000), Max=(X=28590.000 Y=42700.000 Z=2800.000) RuntimeGrid:None EditorOnly:0 RuntimeOnly:0 HLODRelevant:1
 |   |   |- [+] [ 53]
 |   |   |   |- Guid:911D47624DEEF84D845CB2B4D0E32ACA BaseClass: NativeClass:/Script/Engine.StaticMeshActor Name:StaticMeshActor_UAID_DC4A3E184749812302_1146997170 Label:Shape_Wedge_B5 SpatiallyLoaded:1 Bounds:IsValid=true, Min=(X=21725.000 Y=40680.000 Z=-190.000), Max=(X=25175.000 Y=43680.000 Z=185.000) RuntimeGrid:None EditorOnly:0 RuntimeOnly:0 HLODRelevant:1
 |   |   |- [+] [ 54]
 |   |   |   |- Guid:44D8142A46496272FC73658E01F1E3C8 BaseClass: NativeClass:/Script/Engine.StaticMeshActor Name:StaticMeshActor_UAID_DC4A3E184749812302_1483019171 Label:Shape_Cube8 SpatiallyLoaded:1 Bounds:IsValid=true, Min=(X=19617.500 Y=40642.500 Z=90.000), Max=(X=21742.500 Y=42117.500 Z=190.000) RuntimeGrid:None EditorOnly:0 RuntimeOnly:0 HLODRelevant:1
 |   |   |- [+] [ 55]
 |   |   |   |- Guid:F8C1CD5D4B17003E955619B811651F4C BaseClass: NativeClass:/Script/Engine.StaticMeshActor Name:StaticMeshActor_UAID_DC4A3E184749812302_1515707172 Label:Shape_Cube9 SpatiallyLoaded:1 Bounds:IsValid=true, Min=(X=17270.000 Y=40955.000 Z=-250.000), Max=(X=21770.000 Y=43705.000 Z=-150.000) RuntimeGrid:None EditorOnly:0 RuntimeOnly:0 HLODRelevant:1
 |   |   |- [+] [ 56]
 |   |   |   |- Guid:B8B397CD481EB180075308A2DF79B522 BaseClass: NativeClass:/Script/Engine.StaticMeshActor Name:StaticMeshActor_UAID_DC4A3E184749812302_1717683173 Label:Shape_Wedge_B6 SpatiallyLoaded:1 Bounds:IsValid=true, Min=(X=18405.000 Y=40645.000 Z=190.000), Max=(X=19655.000 Y=41695.000 Z=440.000) RuntimeGrid:None EditorOnly:0 RuntimeOnly:0 HLODRelevant:1
 |   |   |- [+] [ 57]
 |   |   |   |- Guid:E4C94C984B8C307B9B3E10BFB14C4922 BaseClass: NativeClass:/Script/Engine.StaticMeshActor Name:StaticMeshActor_UAID_DC4A3E184749812302_1758320174 Label:Shape_Cube10 SpatiallyLoaded:1 Bounds:IsValid=true, Min=(X=16277.500 Y=40222.500 Z=340.000), Max=(X=18402.500 Y=41697.500 Z=440.000) RuntimeGrid:None EditorOnly:0 RuntimeOnly:0 HLODRelevant:1
 |   |   |- [+] [ 58]
 |   |   |   |- Guid:F6D5CAC74C2F78A56DD4898DAB0F4A0E BaseClass: NativeClass:/Script/Engine.StaticMeshActor Name:StaticMeshActor_UAID_DC4A3E184749812302_1947054175 Label:Shape_Cube11 SpatiallyLoaded:1 Bounds:IsValid=true, Min=(X=12175.692 Y=40177.500 Z=320.455), Max=(X=16438.510 Y=41702.500 Z=1953.515) RuntimeGrid:None EditorOnly:0 RuntimeOnly:0 HLODRelevant:1
 |   |   |- [+] [ 59]
 |   |   |   |- Guid:8EC539BF4F17B2572FAB168C32A52FA0 BaseClass: NativeClass:/Script/Engine.StaticMeshActor Name:StaticMeshActor_UAID_DC4A3E184749812302_2018644176 Label:Shape_Cube12 SpatiallyLoaded:1 Bounds:IsValid=true, Min=(X=12846.818 Y=40955.000 Z=-1030.708), Max=(X=17295.817 Y=43705.000 Z=-150.811) RuntimeGrid:None EditorOnly:0 RuntimeOnly:0 HLODRelevant:1
 |   |   |- [+] [ 60]
 |   |   |   |- Guid:4629B0DE49D4131667C3CCADE225D328 BaseClass: NativeClass:/Script/Engine.StaticMeshActor Name:StaticMeshActor_UAID_DC4A3E184749812302_2075741177 Label:Shape_Cube13 SpatiallyLoaded:1 Bounds:IsValid=true, Min=(X=8470.000 Y=40955.000 Z=-1030.000), Max=(X=12970.000 Y=43705.000 Z=-930.000) RuntimeGrid:None EditorOnly:0 RuntimeOnly:0 HLODRelevant:1
 |   |   |- [+] [ 61]
 |   |   |   |- Guid:8D5536A84B5F3729D48409966EAE23FF BaseClass: NativeClass:/Script/Engine.StaticMeshActor Name:StaticMeshActor_UAID_DC4A3E184749822302_1207620356 Label:Shape_Cube14 SpatiallyLoaded:1 Bounds:IsValid=true, Min=(X=7710.000 Y=40177.500 Z=-1010.000), Max=(X=12210.000 Y=41702.500 Z=1953.000) RuntimeGrid:None EditorOnly:0 RuntimeOnly:0 HLODRelevant:1
 |- ContainerInstances:
 |- [+] MainContainer:
 |   |-        ID: 0x0000000000000000
 |   |-    Bounds: IsValid=true, Min=(X=-5310.011 Y=-6992.500 Z=-2739.961), Max=(X=81400.000 Y=57560.000 Z=9450.000)
 |   |- Transform: 0.000000,0.000000,0.000000|0.000000,0.000000,-0.000000|1.000000,1.000000,1.000000
 |   |- Container: /Game/StarterContent/Maps/1
----------------------------------------------------------------------------------------------------------------
1 - Persistent Level
----------------------------------------------------------------------------------------------------------------
Always loaded Actor Count: 86 

----------------------------------------------------------------------------------------------------------------
1 - Runtime Spatial Hash - Streaming Grid - MainGrid
----------------------------------------------------------------------------------------------------------------
            Origin: X=0.000 Y=0.000 Z=0.000
         Cell Size: 5000
      World Bounds: IsValid=true, Min=(X=-5310.011 Y=-6992.500 Z=-2739.961), Max=(X=81400.000 Y=57560.000 Z=9450.000)
     Loading Range: 24000.00
Block Slow Loading: No
 ClientOnlyVisible: No

[+] Grid Levels: 7
 |- Level  0: Cell Count   13 | Cell Size    5000 | Actor Count   14 (29.2%)
 |- Level  1: Cell Count    6 | Cell Size   10000 | Actor Count   10 (20.8%)
 |- Level  2: Cell Count    6 | Cell Size   20000 | Actor Count   19 (39.6%)
 |- Level  3: Cell Count    1 | Cell Size   40000 | Actor Count    2 (4.2%)
 |- Level  4: Cell Count    2 | Cell Size   80000 | Actor Count    3 (6.2%)
 |- Level  5: Cell Count    0 | Cell Size  160000 | Actor Count    0 (0.0%)
 |- Level  6: Cell Count    0 | Cell Size  320000 | Actor Count    0 (0.0%)

[+] Content of Grid Level 0
 |- [+] Content of Cell MainGrid_L0_X8_Y0
 |   |- Actor Count: 1
 |   |- Actor Path: /Game/StarterContent/Maps/1.1:PersistentLevel.StaticMeshActor_6
 |   |- Actor Package: /Game/__ExternalActors__/StarterContent/Maps/1/0/GV/U7HD5WNUZ46S47SLH3E55X
 |- [+] Content of Cell MainGrid_L0_X9_Y7
 |   |- Actor Count: 1
 |   |- Actor Path: /Game/StarterContent/Maps/1.1:PersistentLevel.LandscapeStreamingProxy_4PXE9XP5QYPXUUK9VVMG0DP9C_126_0_2_0
 |   |- Actor Package: /Game/__ExternalActors__/StarterContent/Maps/1/0/NL/KSW2U8U5ELWP8VPBHT79S1
 |- [+] Content of Cell MainGrid_L0_X-1_Y-1
 |   |- Actor Count: 1
 |   |- Actor Path: /Game/StarterContent/Maps/1.1:PersistentLevel.StaticMeshActor_3
 |   |- Actor Package: /Game/__ExternalActors__/StarterContent/Maps/1/0/WR/U86920PMYILZFN7ZLJ0QF8
 |- [+] Content of Cell MainGrid_L0_X1_Y-1
 |   |- Actor Count: 1
 |   |- Actor Path: /Game/StarterContent/Maps/1.1:PersistentLevel.StaticMeshActor_12
 |   |- Actor Package: /Game/__ExternalActors__/StarterContent/Maps/1/3/1Q/2H2DCICPIQC3EO3GXDUDS9
 |- [+] Content of Cell MainGrid_L0_X9_Y5
 |   |- Actor Count: 1
 |   |- Actor Path: /Game/StarterContent/Maps/1.1:PersistentLevel.LandscapeStreamingProxy_4PXE9XP5QYPXUUK9VVMG0DP9C_126_0_1_0
 |   |- Actor Package: /Game/__ExternalActors__/StarterContent/Maps/1/3/XT/PF8GIGCRPF96SITELLW6UF
 |- [+] Content of Cell MainGrid_L0_X1_Y0
 |   |- Actor Count: 1
 |   |- Actor Path: /Game/StarterContent/Maps/1.1:PersistentLevel.StaticMeshActor_11
 |   |- Actor Package: /Game/__ExternalActors__/StarterContent/Maps/1/4/61/Q58FIZH40YDATW73QRQTYZ
 |- [+] Content of Cell MainGrid_L0_X-1_Y0
 |   |- Actor Count: 1
 |   |- Actor Path: /Game/StarterContent/Maps/1.1:PersistentLevel.StaticMeshActor_5
 |   |- Actor Package: /Game/__ExternalActors__/StarterContent/Maps/1/7/LQ/0DZ5RL824Z4V4L6TBCR5DO
 |- [+] Content of Cell MainGrid_L0_X9_Y3
 |   |- Actor Count: 1
 |   |- Actor Path: /Game/StarterContent/Maps/1.1:PersistentLevel.LandscapeStreamingProxy_4PXE9XP5QYPXUUK9VVMG0DP9C_126_0_0_0
 |   |- Actor Package: /Game/__ExternalActors__/StarterContent/Maps/1/7/S6/P5HHG6GT9T4DZD63VTN5HV
 |- [+] Content of Cell MainGrid_L0_X9_Y9
 |   |- Actor Count: 1
 |   |- Actor Path: /Game/StarterContent/Maps/1.1:PersistentLevel.LandscapeStreamingProxy_4PXE9XP5QYPXUUK9VVMG0DP9C_126_0_3_0
 |   |- Actor Package: /Game/__ExternalActors__/StarterContent/Maps/1/B/PB/UZ54QPCNI0JTI4Q341QFLL
 |- [+] Content of Cell MainGrid_L0_X13_Y-1
 |   |- Actor Count: 1
 |   |- Actor Path: /Game/StarterContent/Maps/1.1:PersistentLevel.StaticMeshActor_UAID_DC4A3E1847494D2102_1940942897
 |   |- Actor Package: /Game/__ExternalActors__/StarterContent/Maps/1/D/VF/T9MN32DQGIYAYPBM10GA68
 |- [+] Content of Cell MainGrid_L0_X5_Y10
 |   |- Actor Count: 1
 |   |- Actor Path: /Game/StarterContent/Maps/1.1:PersistentLevel.StaticMeshActor_UAID_DC4A3E184749802302_1159685987
 |   |- Actor Package: /Game/__ExternalActors__/StarterContent/Maps/1/8/3I/XT3KMQWEUF1WQ7CRL2LBEK
 |- [+] Content of Cell MainGrid_L0_X5_Y8
 |   |- Actor Count: 1
 |   |- Actor Path: /Game/StarterContent/Maps/1.1:PersistentLevel.StaticMeshActor_UAID_DC4A3E184749802302_2128288993
 |   |- Actor Package: /Game/__ExternalActors__/StarterContent/Maps/1/0/08/O0N2H720SDAQT53YEVQ1QP
 |- [+] Content of Cell MainGrid_L0_X3_Y8
 |   |- Actor Count: 2
 |   |- Actor Path: /Game/StarterContent/Maps/1.1:PersistentLevel.StaticMeshActor_UAID_DC4A3E184749812302_1717683173
 |   |- Actor Package: /Game/__ExternalActors__/StarterContent/Maps/1/0/XF/1ES50K7FDD9HFMPAMNHF8T
 |   |- Actor Path: /Game/StarterContent/Maps/1.1:PersistentLevel.StaticMeshActor_UAID_DC4A3E184749812302_1758320174
 |   |- Actor Package: /Game/__ExternalActors__/StarterContent/Maps/1/A/OJ/NKH1483YK0GXPF8GET3SOK
[+] Content of Grid Level 1
 |- [+] Content of Cell MainGrid_L1_X6_Y-1
 |   |- Actor Count: 1
 |   |- Actor Path: /Game/StarterContent/Maps/1.1:PersistentLevel.StaticMeshActor_UAID_DC4A3E1847494E2102_1116569075
 |   |- Actor Package: /Game/__ExternalActors__/StarterContent/Maps/1/4/IP/OVHCM5D2RIWB07D08KZKJZ
 |- [+] Content of Cell MainGrid_L1_X6_Y0
 |   |- Actor Count: 2
 |   |- Actor Path: /Game/StarterContent/Maps/1.1:PersistentLevel.StaticMeshActor_UAID_DC4A3E1847494E2102_1824760080
 |   |- Actor Package: /Game/__ExternalActors__/StarterContent/Maps/1/7/VU/INO3AN41ZFWLY7BNRSPZCT
 |   |- Actor Path: /Game/StarterContent/Maps/1.1:PersistentLevel.StaticMeshActor_UAID_DC4A3E1847494E2102_2026015081
 |   |- Actor Package: /Game/__ExternalActors__/StarterContent/Maps/1/E/X0/99NSM67OH4WSE3XE2UPRPE
 |- [+] Content of Cell MainGrid_L1_X5_Y-1
 |   |- Actor Count: 1
 |   |- Actor Path: /Game/StarterContent/Maps/1.1:PersistentLevel.StaticMeshActor_10
 |   |- Actor Package: /Game/__ExternalActors__/StarterContent/Maps/1/A/AN/I9I6H1A79CR2RPMVCDXVGN
 |- [+] Content of Cell MainGrid_L1_X5_Y5
 |   |- Actor Count: 2
 |   |- Actor Path: /Game/StarterContent/Maps/1.1:PersistentLevel.StaticMeshActor_UAID_DC4A3E1847494F2102_1928615259
 |   |- Actor Package: /Game/__ExternalActors__/StarterContent/Maps/1/A/B1/MMKYLHHC89BWEG0FVJPMTR
 |   |- Actor Path: /Game/StarterContent/Maps/1.1:PersistentLevel.StaticMeshActor_UAID_DC4A3E1847497F2302_1583011808
 |   |- Actor Package: /Game/__ExternalActors__/StarterContent/Maps/1/9/8Q/3NWKZ9557T19KJ4H48B0VV
 |- [+] Content of Cell MainGrid_L1_X2_Y4
 |   |- Actor Count: 2
 |   |- Actor Path: /Game/StarterContent/Maps/1.1:PersistentLevel.StaticMeshActor_UAID_DC4A3E184749802302_1998630991
 |   |- Actor Package: /Game/__ExternalActors__/StarterContent/Maps/1/4/TQ/WCZ6M7LEXXVABKL39OIWPM
 |   |- Actor Path: /Game/StarterContent/Maps/1.1:PersistentLevel.StaticMeshActor_UAID_DC4A3E184749812302_1146997170
 |   |- Actor Package: /Game/__ExternalActors__/StarterContent/Maps/1/1/GH/AXAUP8XN3IAWOGHAPC0REY
 |- [+] Content of Cell MainGrid_L1_X1_Y4
 |   |- Actor Count: 2
 |   |- Actor Path: /Game/StarterContent/Maps/1.1:PersistentLevel.StaticMeshActor_UAID_DC4A3E184749812302_1947054175
 |   |- Actor Package: /Game/__ExternalActors__/StarterContent/Maps/1/A/MM/GHQBTWHPYLIZUOYF4IFFK4
 |   |- Actor Path: /Game/StarterContent/Maps/1.1:PersistentLevel.StaticMeshActor_UAID_DC4A3E184749812302_2018644176
 |   |- Actor Package: /Game/__ExternalActors__/StarterContent/Maps/1/B/64/10LOXCHC48WGEW8A4VHFHR
[+] Content of Grid Level 2
 |- [+] Content of Cell MainGrid_L2_X2_Y2
 |   |- Actor Count: 1
 |   |- Actor Path: /Game/StarterContent/Maps/1.1:PersistentLevel.StaticMeshActor_UAID_DC4A3E184749502102_1203979439
 |   |- Actor Package: /Game/__ExternalActors__/StarterContent/Maps/1/0/7Q/6X7LJKIFOC8J63R0Q1TAN6
 |- [+] Content of Cell MainGrid_L2_X3_Y2
 |   |- Actor Count: 6
 |   |- Actor Path: /Game/StarterContent/Maps/1.1:PersistentLevel.LandscapeStreamingProxy_4PXE9XP5QYPXUUK9VVMG0DP9C_126_1_3_0
 |   |- Actor Package: /Game/__ExternalActors__/StarterContent/Maps/1/0/D3/P356LJ96C8QQ79H2O80C0D
 |   |- Actor Path: /Game/StarterContent/Maps/1.1:PersistentLevel.LandscapeStreamingProxy_4PXE9XP5QYPXUUK9VVMG0DP9C_126_2_3_0
 |   |- Actor Package: /Game/__ExternalActors__/StarterContent/Maps/1/1/TH/BSF7EM4THXQZHKUNU8NPUX
 |   |- Actor Path: /Game/StarterContent/Maps/1.1:PersistentLevel.LandscapeStreamingProxy_4PXE9XP5QYPXUUK9VVMG0DP9C_126_2_2_0
 |   |- Actor Package: /Game/__ExternalActors__/StarterContent/Maps/1/5/NT/G1RYW6BGAHHDY0RZV3V54L
 |   |- Actor Path: /Game/StarterContent/Maps/1.1:PersistentLevel.LandscapeStreamingProxy_4PXE9XP5QYPXUUK9VVMG0DP9C_126_1_2_0
 |   |- Actor Package: /Game/__ExternalActors__/StarterContent/Maps/1/6/K0/VBSQG6W9VZZ4YN9QQ6QZP3
 |   |- Actor Path: /Game/StarterContent/Maps/1.1:PersistentLevel.LandscapeStreamingProxy_4PXE9XP5QYPXUUK9VVMG0DP9C_126_3_2_0
 |   |- Actor Package: /Game/__ExternalActors__/StarterContent/Maps/1/C/VY/2EXDZOQ88RON6ZBS0GVQGP
 |   |- Actor Path: /Game/StarterContent/Maps/1.1:PersistentLevel.LandscapeStreamingProxy_4PXE9XP5QYPXUUK9VVMG0DP9C_126_3_3_0
 |   |- Actor Package: /Game/__ExternalActors__/StarterContent/Maps/1/D/8R/N1HXYEQSMV4HJUO1O2RKMF
 |- [+] Content of Cell MainGrid_L2_X1_Y0
 |   |- Actor Count: 1
 |   |- Actor Path: /Game/StarterContent/Maps/1.1:PersistentLevel.StaticMeshActor_8
 |   |- Actor Package: /Game/__ExternalActors__/StarterContent/Maps/1/3/VB/NQHZ4CNRAX7RKNESIQ39NF
 |- [+] Content of Cell MainGrid_L2_X3_Y1
 |   |- Actor Count: 6
 |   |- Actor Path: /Game/StarterContent/Maps/1.1:PersistentLevel.LandscapeStreamingProxy_4PXE9XP5QYPXUUK9VVMG0DP9C_126_3_1_0
 |   |- Actor Package: /Game/__ExternalActors__/StarterContent/Maps/1/4/05/NSW8H1YTQMQ25PI2PVYWJ8
 |   |- Actor Path: /Game/StarterContent/Maps/1.1:PersistentLevel.LandscapeStreamingProxy_4PXE9XP5QYPXUUK9VVMG0DP9C_126_2_0_0
 |   |- Actor Package: /Game/__ExternalActors__/StarterContent/Maps/1/7/9U/A7MK79DBFPDNE1M1BJGYR3
 |   |- Actor Path: /Game/StarterContent/Maps/1.1:PersistentLevel.LandscapeStreamingProxy_4PXE9XP5QYPXUUK9VVMG0DP9C_126_3_0_0
 |   |- Actor Package: /Game/__ExternalActors__/StarterContent/Maps/1/A/ST/3U8KBSOROMW1CML52I7RRL
 |   |- Actor Path: /Game/StarterContent/Maps/1.1:PersistentLevel.LandscapeStreamingProxy_4PXE9XP5QYPXUUK9VVMG0DP9C_126_1_1_0
 |   |- Actor Package: /Game/__ExternalActors__/StarterContent/Maps/1/C/LG/IMC5HAIVTZN389I2XHLP3S
 |   |- Actor Path: /Game/StarterContent/Maps/1.1:PersistentLevel.LandscapeStreamingProxy_4PXE9XP5QYPXUUK9VVMG0DP9C_126_1_0_0
 |   |- Actor Package: /Game/__ExternalActors__/StarterContent/Maps/1/D/4V/76W3YBR9NR2WXV25UJ7PZB
 |   |- Actor Path: /Game/StarterContent/Maps/1.1:PersistentLevel.LandscapeStreamingProxy_4PXE9XP5QYPXUUK9VVMG0DP9C_126_2_1_0
 |   |- Actor Package: /Game/__ExternalActors__/StarterContent/Maps/1/E/JO/NQSOYVB3LKEYI2A0OF227J
 |- [+] Content of Cell MainGrid_L2_X1_Y2
 |   |- Actor Count: 3
 |   |- Actor Path: /Game/StarterContent/Maps/1.1:PersistentLevel.StaticMeshActor_UAID_DC4A3E1847497F2302_1425928807
 |   |- Actor Package: /Game/__ExternalActors__/StarterContent/Maps/1/9/YR/053W7Q2MMAVIIGOQ0SPXRH
 |   |- Actor Path: /Game/StarterContent/Maps/1.1:PersistentLevel.StaticMeshActor_UAID_DC4A3E1847497F2302_2051245809
 |   |- Actor Package: /Game/__ExternalActors__/StarterContent/Maps/1/3/OG/E4T4E2HX2ZKEKE904489OJ
 |   |- Actor Path: /Game/StarterContent/Maps/1.1:PersistentLevel.StaticMeshActor_UAID_DC4A3E184749802302_1355612989
 |   |- Actor Package: /Game/__ExternalActors__/StarterContent/Maps/1/B/RY/7RPMNLN139QQRZ9K7ST73Y
 |- [+] Content of Cell MainGrid_L2_X0_Y2
 |   |- Actor Count: 2
 |   |- Actor Path: /Game/StarterContent/Maps/1.1:PersistentLevel.StaticMeshActor_UAID_DC4A3E184749812302_2075741177
 |   |- Actor Package: /Game/__ExternalActors__/StarterContent/Maps/1/2/4F/T4CEVGK2C68CF10BUAUKBX
 |   |- Actor Path: /Game/StarterContent/Maps/1.1:PersistentLevel.StaticMeshActor_UAID_DC4A3E184749822302_1207620356
 |   |- Actor Package: /Game/__ExternalActors__/StarterContent/Maps/1/6/L5/YCXJ4EBE5VE28TZXNGLUZ5
[+] Content of Grid Level 3
 |- [+] Content of Cell MainGrid_L3_X0_Y1
 |   |- Actor Count: 2
 |   |- Actor Path: /Game/StarterContent/Maps/1.1:PersistentLevel.StaticMeshActor_UAID_DC4A3E184749812302_1483019171
 |   |- Actor Package: /Game/__ExternalActors__/StarterContent/Maps/1/D/W5/B8RURY24H6R2TYU8Y43C9W
 |   |- Actor Path: /Game/StarterContent/Maps/1.1:PersistentLevel.StaticMeshActor_UAID_DC4A3E184749812302_1515707172
 |   |- Actor Package: /Game/__ExternalActors__/StarterContent/Maps/1/4/AI/1TFLD5O9O7CFRGUOQ926YX
[+] Content of Grid Level 4
 |- [+] Content of Cell MainGrid_L4_X0_Y-1
 |   |- Actor Count: 1
 |   |- Actor Path: /Game/StarterContent/Maps/1.1:PersistentLevel.StaticMeshActor_7
 |   |- Actor Package: /Game/__ExternalActors__/StarterContent/Maps/1/3/RW/YN8IL91R5B0YSD3XTMDL4G
 |- [+] Content of Cell MainGrid_L4_X0_Y0
 |   |- Actor Count: 2
 |   |- Actor Path: /Game/StarterContent/Maps/1.1:PersistentLevel.StaticMeshActor_UAID_DC4A3E184749502102_1383676440
 |   |- Actor Package: /Game/__ExternalActors__/StarterContent/Maps/1/6/EO/LK03VIPTD9OI1LPXW6RH1X
 |   |- Actor Path: /Game/StarterContent/Maps/1.1:PersistentLevel.StaticMeshActor_UAID_DC4A3E1847494F2102_2002328261
 |   |- Actor Package: /Game/__ExternalActors__/StarterContent/Maps/1/8/M7/ANLUG73MNP0E8YC3OOCGKL
[+] Content of Grid Level 5
[+] Content of Grid Level 6

