[+] Containers:
 |- [+] Container: /Game/StarterContent/Maps/1
 |   |- [+] ActorDescs:
 |   |   |- Guid:0855FC344F89D23AD682D6AE072F9F2C BaseClass: NativeClass:/Script/Engine.StaticMeshActor Name:StaticMeshActor_UAID_DC4A3E1847494E2102_1357859077 Label:Shape_Plane SpatiallyLoaded:1 Bounds:IsValid=true, Min=(X=65490.000 Y=-930.000 Z=2740.000), Max=(X=67490.000 Y=3070.000 Z=2740.000) RuntimeGrid:None EditorOnly:0 RuntimeOnly:0 HLODRelevant:1
 |   |   |- Guid:19420699419730A7E3782ABD15BD085F BaseClass: NativeClass:/Script/Engine.StaticMeshActor Name:StaticMeshActor_1 Label:SM_SkySphere SpatiallyLoaded:1 Bounds:IsValid=true, Min=(X=-1638660.000 Y=-1638250.000 Z=-1638400.000), Max=(X=1638140.000 Y=1638550.000 Z=1638400.000) RuntimeGrid:None EditorOnly:0 RuntimeOnly:0 HLODRelevant:0 FolderPath:Lighting FolderGuid:63D9E8424D8B15A0D4B19BA33F433229
 |   |   |- Guid:20EA40674E50F7E42C720DA08AEB3DD0 BaseClass: NativeClass:/Script/Engine.StaticMeshActor Name:StaticMeshActor_8 Label:SM_Track_10M2 SpatiallyLoaded:1 Bounds:IsValid=true, Min=(X=28940.000 Y=260.000 Z=-1421.338), Max=(X=36954.796 Y=1260.000 Z=12.500) RuntimeGrid:None EditorOnly:0 RuntimeOnly:0 HLODRelevant:1
 |   |   |- Guid:3687B04944EE31042D19B1917B5A2450 BaseClass:/Game/VehicleTemplate/Blueprints/SportsCar/SportsCar_Pawn.SportsCar_Pawn_C NativeClass:/Script/ChaosVehicles.WheeledVehiclePawn Name:SportsCar_Pawn_C_1 Label:SportsCar_Pawn SpatiallyLoaded:1 Bounds:IsValid=true, Min=(X=-2383.507 Y=-240.650 Z=-14.659), Max=(X=-1912.406 Y=20.650 Z=121.318) RuntimeGrid:None EditorOnly:0 RuntimeOnly:0 HLODRelevant:0
 |   |   |- Guid:4349204A4FF66EFC420E39B914B921B7 BaseClass: NativeClass:/Script/Engine.StaticMeshActor Name:StaticMeshActor_3 Label:Shape_Cube2 SpatiallyLoaded:1 Bounds:IsValid=true, Min=(X=-2410.000 Y=-2870.000 Z=-10.000), Max=(X=-910.000 Y=-1370.000 Z=2990.000) RuntimeGrid:None EditorOnly:0 RuntimeOnly:0 HLODRelevant:1
 |   |   |- Guid:60F0F05449AB0371904111871AFC463F BaseClass: NativeClass:/Script/Engine.StaticMeshActor Name:StaticMeshActor_UAID_DC4A3E1847494E2102_1116569075 Label:Shape_Pipe_91 SpatiallyLoaded:1 Bounds:IsValid=true, Min=(X=64370.000 Y=-2970.000 Z=2670.000), Max=(X=67370.000 Y=-920.000 Z=2760.000) RuntimeGrid:None EditorOnly:0 RuntimeOnly:0 HLODRelevant:1
 |   |   |- Guid:63EECF794B5EAA4884ABC9A9B8AD3EB0 BaseClass: NativeClass:/Script/Engine.VolumetricCloud Name:VolumetricCloud_0 Label:VolumetricCloud SpatiallyLoaded:0 Bounds:IsValid=true, Min=(X=0.000 Y=0.000 Z=700.000), Max=(X=0.000 Y=0.000 Z=700.000) RuntimeGrid:None EditorOnly:0 RuntimeOnly:0 HLODRelevant:0 FolderPath:Lighting FolderGuid:63D9E8424D8B15A0D4B19BA33F433229
 |   |   |- Guid:6DF6594F4E6A490BDADAF0A01FF9D593 BaseClass: NativeClass:/Script/Engine.StaticMeshActor Name:StaticMeshActor_5 Label:Shape_Cube4 SpatiallyLoaded:1 Bounds:IsValid=true, Min=(X=-2410.000 Y=1270.000 Z=-10.000), Max=(X=-910.000 Y=2770.000 Z=2990.000) RuntimeGrid:None EditorOnly:0 RuntimeOnly:0 HLODRelevant:1
 |   |   |- Guid:6EFBF15740459A0D3919C6AC6B586CD0 BaseClass: NativeClass:/Script/Engine.SkyAtmosphere Name:SkyAtmosphere_0 Label:SkyAtmosphere SpatiallyLoaded:0 Bounds:IsValid=true, Min=(X=0.000 Y=0.000 Z=500.000), Max=(X=0.000 Y=0.000 Z=500.000) RuntimeGrid:None EditorOnly:0 RuntimeOnly:0 HLODRelevant:0 FolderPath:Lighting FolderGuid:63D9E8424D8B15A0D4B19BA33F433229
 |   |   |- Guid:74B78F724F290EDAF5BD3981493D7DAF BaseClass: NativeClass:/Script/Engine.SkyLight Name:SkyLight_0 Label:SkyLight SpatiallyLoaded:0 Bounds:IsValid=true, Min=(X=0.000 Y=0.000 Z=600.000), Max=(X=0.000 Y=0.000 Z=600.000) RuntimeGrid:None EditorOnly:0 RuntimeOnly:0 HLODRelevant:0 FolderPath:Lighting FolderGuid:63D9E8424D8B15A0D4B19BA33F433229
 |   |   |- Guid:7C1953D94F7C66BA7AB62B8FC6CD7D2E BaseClass: NativeClass:/Script/Engine.StaticMeshActor Name:StaticMeshActor_4 Label:Shape_Cube3 SpatiallyLoaded:1 Bounds:IsValid=true, Min=(X=-590.000 Y=1270.000 Z=-10.000), Max=(X=910.000 Y=2770.000 Z=2990.000) RuntimeGrid:None EditorOnly:0 RuntimeOnly:0 HLODRelevant:1
 |   |   |- Guid:89642BFE48F5995CF1F5DFB35469B52D BaseClass: NativeClass:/Script/Engine.StaticMeshActor Name:StaticMeshActor_UAID_DC4A3E1847494D2102_1940942897 Label:Shape_Pipe_90 SpatiallyLoaded:1 Bounds:IsValid=true, Min=(X=66160.000 Y=-4370.000 Z=4460.000), Max=(X=69160.000 Y=-2320.000 Z=4550.000) RuntimeGrid:None EditorOnly:0 RuntimeOnly:0 HLODRelevant:1
 |   |   |- Guid:8B1A23044915CD7FC25F5094EBAAC492 BaseClass: NativeClass:/Script/Engine.WorldDataLayers Name:WorldDataLayers Label:None SpatiallyLoaded:0 Bounds:IsValid=true, Min=(X=0.000 Y=0.000 Z=0.000), Max=(X=0.000 Y=0.000 Z=0.000) RuntimeGrid:None EditorOnly:0 RuntimeOnly:0 HLODRelevant:0
 |   |   |- Guid:B2CCC42746F05F61AD143DAE8DBE462D BaseClass: NativeClass:/Script/Engine.StaticMeshActor Name:Floor_9 Label:Floor2 SpatiallyLoaded:1 Bounds:IsValid=true, Min=(X=37589.996 Y=-6992.500 Z=-2739.961), Max=(X=72140.000 Y=3425.000 Z=5779.500) RuntimeGrid:None EditorOnly:0 RuntimeOnly:0 HLODRelevant:0
 |   |   |- Guid:B584E62D4A622CE18251959418F9844D BaseClass: NativeClass:/Script/Engine.StaticMeshActor Name:StaticMeshActor_6 Label:StaticMeshActor SpatiallyLoaded:1 Bounds:IsValid=true, Min=(X=40750.000 Y=40.000 Z=8690.000), Max=(X=40750.000 Y=40.000 Z=8690.000) RuntimeGrid:None EditorOnly:0 RuntimeOnly:0 HLODRelevant:0
 |   |   |- Guid:B60F63FA43D12496ECF2D186DBA48C10 BaseClass: NativeClass:/Script/Engine.StaticMeshActor Name:StaticMeshActor_UAID_DC4A3E1847494E2102_1439242078 Label:Shape_Plane2 SpatiallyLoaded:1 Bounds:IsValid=true, Min=(X=67350.000 Y=-2360.000 Z=4530.000), Max=(X=69350.000 Y=1640.000 Z=4530.000) RuntimeGrid:None EditorOnly:0 RuntimeOnly:0 HLODRelevant:1
 |   |   |- Guid:BEC84A2F4860E701065D7B820DC5A691 BaseClass: NativeClass:/Script/Engine.StaticMeshActor Name:StaticMeshActor_11 Label:Shape_Cube5 SpatiallyLoaded:1 Bounds:IsValid=true, Min=(X=8330.000 Y=1270.000 Z=-10.000), Max=(X=9830.000 Y=2770.000 Z=2990.000) RuntimeGrid:None EditorOnly:0 RuntimeOnly:0 HLODRelevant:1
 |   |   |- Guid:C36ACC244E4A8F6C3574CA979136AC88 BaseClass: NativeClass:/Script/Engine.ExponentialHeightFog Name:ExponentialHeightFog_0 Label:ExponentialHeightFog SpatiallyLoaded:0 Bounds:IsValid=true, Min=(X=-5600.000 Y=-50.000 Z=15990.000), Max=(X=-5600.000 Y=-50.000 Z=15990.000) RuntimeGrid:None EditorOnly:0 RuntimeOnly:0 HLODRelevant:0 FolderPath:Lighting FolderGuid:63D9E8424D8B15A0D4B19BA33F433229
 |   |   |- Guid:C7F492F54F76E675CA4803B5C5BD0B5A BaseClass: NativeClass:/Script/Engine.StaticMeshActor Name:StaticMeshActor_7 Label:SM_Track_10M SpatiallyLoaded:1 Bounds:IsValid=true, Min=(X=28937.829 Y=-2718.838 Z=0.000), Max=(X=44446.657 Y=-330.000 Z=3000.088) RuntimeGrid:None EditorOnly:0 RuntimeOnly:0 HLODRelevant:1
 |   |   |- Guid:C8F872194486A08DF61E7F9839E3523B BaseClass: NativeClass:/Script/Engine.StaticMeshActor Name:StaticMeshActor_12 Label:Shape_Cube6 SpatiallyLoaded:1 Bounds:IsValid=true, Min=(X=8330.000 Y=-2730.000 Z=-10.000), Max=(X=9830.000 Y=-1230.000 Z=2990.000) RuntimeGrid:None EditorOnly:0 RuntimeOnly:0 HLODRelevant:1
 |   |   |- Guid:D3CBA0B648D81EC7B8459CB185B32C0E BaseClass: NativeClass:/Script/Engine.StaticMeshActor Name:Floor Label:Floor SpatiallyLoaded:1 Bounds:IsValid=true, Min=(X=-5310.011 Y=-2625.000 Z=-400.500), Max=(X=29190.002 Y=2625.000 Z=-0.500) RuntimeGrid:None EditorOnly:0 RuntimeOnly:0 HLODRelevant:0
 |   |   |- Guid:E7545C1C413D3ED27F8899AB7362B5C2 BaseClass: NativeClass:/Script/Engine.DirectionalLight Name:DirectionalLight_0 Label:DirectionalLight SpatiallyLoaded:0 Bounds:IsValid=true, Min=(X=-4398046511104.000 Y=-4398046511104.000 Z=-4398046511104.000), Max=(X=4398046511104.000 Y=4398046511104.000 Z=4398046511104.000) RuntimeGrid:None EditorOnly:0 RuntimeOnly:0 HLODRelevant:0 FolderPath:Lighting FolderGuid:63D9E8424D8B15A0D4B19BA33F433229
 |   |   |- Guid:EFC5626D4E17B3C1280A8A804CE3254D BaseClass: NativeClass:/Script/Engine.StaticMeshActor Name:StaticMeshActor_2 Label:Shape_Cube SpatiallyLoaded:1 Bounds:IsValid=true, Min=(X=-590.000 Y=-2870.000 Z=-10.000), Max=(X=910.000 Y=-1370.000 Z=2990.000) RuntimeGrid:None EditorOnly:0 RuntimeOnly:0 HLODRelevant:1
 |   |   |- Guid:FA6D59174AE1DBD00BD78BA9C2EDAF73 BaseClass: NativeClass:/Script/Engine.StaticMeshActor Name:StaticMeshActor_10 Label:Shape_Wedge_B SpatiallyLoaded:1 Bounds:IsValid=true, Min=(X=51315.000 Y=-4370.000 Z=2760.000), Max=(X=59165.000 Y=-3170.000 Z=4560.000) RuntimeGrid:None EditorOnly:0 RuntimeOnly:0 HLODRelevant:1
 |   |- [+] Clusters:
 |   |   |- [+] [  0]
 |   |   |   |- Guid:B584E62D4A622CE18251959418F9844D BaseClass: NativeClass:/Script/Engine.StaticMeshActor Name:StaticMeshActor_6 Label:StaticMeshActor SpatiallyLoaded:1 Bounds:IsValid=true, Min=(X=40750.000 Y=40.000 Z=8690.000), Max=(X=40750.000 Y=40.000 Z=8690.000) RuntimeGrid:None EditorOnly:0 RuntimeOnly:0 HLODRelevant:0
 |   |   |- [+] [  1]
 |   |   |   |- Guid:E7545C1C413D3ED27F8899AB7362B5C2 BaseClass: NativeClass:/Script/Engine.DirectionalLight Name:DirectionalLight_0 Label:DirectionalLight SpatiallyLoaded:0 Bounds:IsValid=true, Min=(X=-4398046511104.000 Y=-4398046511104.000 Z=-4398046511104.000), Max=(X=4398046511104.000 Y=4398046511104.000 Z=4398046511104.000) RuntimeGrid:None EditorOnly:0 RuntimeOnly:0 HLODRelevant:0 FolderPath:Lighting FolderGuid:63D9E8424D8B15A0D4B19BA33F433229
 |   |   |- [+] [  2]
 |   |   |   |- Guid:4349204A4FF66EFC420E39B914B921B7 BaseClass: NativeClass:/Script/Engine.StaticMeshActor Name:StaticMeshActor_3 Label:Shape_Cube2 SpatiallyLoaded:1 Bounds:IsValid=true, Min=(X=-2410.000 Y=-2870.000 Z=-10.000), Max=(X=-910.000 Y=-1370.000 Z=2990.000) RuntimeGrid:None EditorOnly:0 RuntimeOnly:0 HLODRelevant:1
 |   |   |- [+] [  3]
 |   |   |   |- Guid:74B78F724F290EDAF5BD3981493D7DAF BaseClass: NativeClass:/Script/Engine.SkyLight Name:SkyLight_0 Label:SkyLight SpatiallyLoaded:0 Bounds:IsValid=true, Min=(X=0.000 Y=0.000 Z=600.000), Max=(X=0.000 Y=0.000 Z=600.000) RuntimeGrid:None EditorOnly:0 RuntimeOnly:0 HLODRelevant:0 FolderPath:Lighting FolderGuid:63D9E8424D8B15A0D4B19BA33F433229
 |   |   |- [+] [  4]
 |   |   |   |- Guid:C8F872194486A08DF61E7F9839E3523B BaseClass: NativeClass:/Script/Engine.StaticMeshActor Name:StaticMeshActor_12 Label:Shape_Cube6 SpatiallyLoaded:1 Bounds:IsValid=true, Min=(X=8330.000 Y=-2730.000 Z=-10.000), Max=(X=9830.000 Y=-1230.000 Z=2990.000) RuntimeGrid:None EditorOnly:0 RuntimeOnly:0 HLODRelevant:1
 |   |   |- [+] [  5]
 |   |   |   |- Guid:C7F492F54F76E675CA4803B5C5BD0B5A BaseClass: NativeClass:/Script/Engine.StaticMeshActor Name:StaticMeshActor_7 Label:SM_Track_10M SpatiallyLoaded:1 Bounds:IsValid=true, Min=(X=28937.829 Y=-2718.838 Z=0.000), Max=(X=44446.657 Y=-330.000 Z=3000.088) RuntimeGrid:None EditorOnly:0 RuntimeOnly:0 HLODRelevant:1
 |   |   |- [+] [  6]
 |   |   |   |- Guid:20EA40674E50F7E42C720DA08AEB3DD0 BaseClass: NativeClass:/Script/Engine.StaticMeshActor Name:StaticMeshActor_8 Label:SM_Track_10M2 SpatiallyLoaded:1 Bounds:IsValid=true, Min=(X=28940.000 Y=260.000 Z=-1421.338), Max=(X=36954.796 Y=1260.000 Z=12.500) RuntimeGrid:None EditorOnly:0 RuntimeOnly:0 HLODRelevant:1
 |   |   |- [+] [  7]
 |   |   |   |- Guid:D3CBA0B648D81EC7B8459CB185B32C0E BaseClass: NativeClass:/Script/Engine.StaticMeshActor Name:Floor Label:Floor SpatiallyLoaded:1 Bounds:IsValid=true, Min=(X=-5310.011 Y=-2625.000 Z=-400.500), Max=(X=29190.002 Y=2625.000 Z=-0.500) RuntimeGrid:None EditorOnly:0 RuntimeOnly:0 HLODRelevant:0
 |   |   |- [+] [  8]
 |   |   |   |- Guid:BEC84A2F4860E701065D7B820DC5A691 BaseClass: NativeClass:/Script/Engine.StaticMeshActor Name:StaticMeshActor_11 Label:Shape_Cube5 SpatiallyLoaded:1 Bounds:IsValid=true, Min=(X=8330.000 Y=1270.000 Z=-10.000), Max=(X=9830.000 Y=2770.000 Z=2990.000) RuntimeGrid:None EditorOnly:0 RuntimeOnly:0 HLODRelevant:1
 |   |   |- [+] [  9]
 |   |   |   |- Guid:3687B04944EE31042D19B1917B5A2450 BaseClass:/Game/VehicleTemplate/Blueprints/SportsCar/SportsCar_Pawn.SportsCar_Pawn_C NativeClass:/Script/ChaosVehicles.WheeledVehiclePawn Name:SportsCar_Pawn_C_1 Label:SportsCar_Pawn SpatiallyLoaded:1 Bounds:IsValid=true, Min=(X=-2383.507 Y=-240.650 Z=-14.659), Max=(X=-1912.406 Y=20.650 Z=121.318) RuntimeGrid:None EditorOnly:0 RuntimeOnly:0 HLODRelevant:0
 |   |   |- [+] [ 10]
 |   |   |   |- Guid:6DF6594F4E6A490BDADAF0A01FF9D593 BaseClass: NativeClass:/Script/Engine.StaticMeshActor Name:StaticMeshActor_5 Label:Shape_Cube4 SpatiallyLoaded:1 Bounds:IsValid=true, Min=(X=-2410.000 Y=1270.000 Z=-10.000), Max=(X=-910.000 Y=2770.000 Z=2990.000) RuntimeGrid:None EditorOnly:0 RuntimeOnly:0 HLODRelevant:1
 |   |   |- [+] [ 11]
 |   |   |   |- Guid:7C1953D94F7C66BA7AB62B8FC6CD7D2E BaseClass: NativeClass:/Script/Engine.StaticMeshActor Name:StaticMeshActor_4 Label:Shape_Cube3 SpatiallyLoaded:1 Bounds:IsValid=true, Min=(X=-590.000 Y=1270.000 Z=-10.000), Max=(X=910.000 Y=2770.000 Z=2990.000) RuntimeGrid:None EditorOnly:0 RuntimeOnly:0 HLODRelevant:1
 |   |   |- [+] [ 12]
 |   |   |   |- Guid:19420699419730A7E3782ABD15BD085F BaseClass: NativeClass:/Script/Engine.StaticMeshActor Name:StaticMeshActor_1 Label:SM_SkySphere SpatiallyLoaded:1 Bounds:IsValid=true, Min=(X=-1638660.000 Y=-1638250.000 Z=-1638400.000), Max=(X=1638140.000 Y=1638550.000 Z=1638400.000) RuntimeGrid:None EditorOnly:0 RuntimeOnly:0 HLODRelevant:0 FolderPath:Lighting FolderGuid:63D9E8424D8B15A0D4B19BA33F433229
 |   |   |- [+] [ 13]
 |   |   |   |- Guid:8B1A23044915CD7FC25F5094EBAAC492 BaseClass: NativeClass:/Script/Engine.WorldDataLayers Name:WorldDataLayers Label:None SpatiallyLoaded:0 Bounds:IsValid=true, Min=(X=0.000 Y=0.000 Z=0.000), Max=(X=0.000 Y=0.000 Z=0.000) RuntimeGrid:None EditorOnly:0 RuntimeOnly:0 HLODRelevant:0
 |   |   |- [+] [ 14]
 |   |   |   |- Guid:FA6D59174AE1DBD00BD78BA9C2EDAF73 BaseClass: NativeClass:/Script/Engine.StaticMeshActor Name:StaticMeshActor_10 Label:Shape_Wedge_B SpatiallyLoaded:1 Bounds:IsValid=true, Min=(X=51315.000 Y=-4370.000 Z=2760.000), Max=(X=59165.000 Y=-3170.000 Z=4560.000) RuntimeGrid:None EditorOnly:0 RuntimeOnly:0 HLODRelevant:1
 |   |   |- [+] [ 15]
 |   |   |   |- Guid:B2CCC42746F05F61AD143DAE8DBE462D BaseClass: NativeClass:/Script/Engine.StaticMeshActor Name:Floor_9 Label:Floor2 SpatiallyLoaded:1 Bounds:IsValid=true, Min=(X=37589.996 Y=-6992.500 Z=-2739.961), Max=(X=72140.000 Y=3425.000 Z=5779.500) RuntimeGrid:None EditorOnly:0 RuntimeOnly:0 HLODRelevant:0
 |   |   |- [+] [ 16]
 |   |   |   |- Guid:63EECF794B5EAA4884ABC9A9B8AD3EB0 BaseClass: NativeClass:/Script/Engine.VolumetricCloud Name:VolumetricCloud_0 Label:VolumetricCloud SpatiallyLoaded:0 Bounds:IsValid=true, Min=(X=0.000 Y=0.000 Z=700.000), Max=(X=0.000 Y=0.000 Z=700.000) RuntimeGrid:None EditorOnly:0 RuntimeOnly:0 HLODRelevant:0 FolderPath:Lighting FolderGuid:63D9E8424D8B15A0D4B19BA33F433229
 |   |   |- [+] [ 17]
 |   |   |   |- Guid:C36ACC244E4A8F6C3574CA979136AC88 BaseClass: NativeClass:/Script/Engine.ExponentialHeightFog Name:ExponentialHeightFog_0 Label:ExponentialHeightFog SpatiallyLoaded:0 Bounds:IsValid=true, Min=(X=-5600.000 Y=-50.000 Z=15990.000), Max=(X=-5600.000 Y=-50.000 Z=15990.000) RuntimeGrid:None EditorOnly:0 RuntimeOnly:0 HLODRelevant:0 FolderPath:Lighting FolderGuid:63D9E8424D8B15A0D4B19BA33F433229
 |   |   |- [+] [ 18]
 |   |   |   |- Guid:EFC5626D4E17B3C1280A8A804CE3254D BaseClass: NativeClass:/Script/Engine.StaticMeshActor Name:StaticMeshActor_2 Label:Shape_Cube SpatiallyLoaded:1 Bounds:IsValid=true, Min=(X=-590.000 Y=-2870.000 Z=-10.000), Max=(X=910.000 Y=-1370.000 Z=2990.000) RuntimeGrid:None EditorOnly:0 RuntimeOnly:0 HLODRelevant:1
 |   |   |- [+] [ 19]
 |   |   |   |- Guid:6EFBF15740459A0D3919C6AC6B586CD0 BaseClass: NativeClass:/Script/Engine.SkyAtmosphere Name:SkyAtmosphere_0 Label:SkyAtmosphere SpatiallyLoaded:0 Bounds:IsValid=true, Min=(X=0.000 Y=0.000 Z=500.000), Max=(X=0.000 Y=0.000 Z=500.000) RuntimeGrid:None EditorOnly:0 RuntimeOnly:0 HLODRelevant:0 FolderPath:Lighting FolderGuid:63D9E8424D8B15A0D4B19BA33F433229
 |   |   |- [+] [ 20]
 |   |   |   |- Guid:89642BFE48F5995CF1F5DFB35469B52D BaseClass: NativeClass:/Script/Engine.StaticMeshActor Name:StaticMeshActor_UAID_DC4A3E1847494D2102_1940942897 Label:Shape_Pipe_90 SpatiallyLoaded:1 Bounds:IsValid=true, Min=(X=66160.000 Y=-4370.000 Z=4460.000), Max=(X=69160.000 Y=-2320.000 Z=4550.000) RuntimeGrid:None EditorOnly:0 RuntimeOnly:0 HLODRelevant:1
 |   |   |- [+] [ 21]
 |   |   |   |- Guid:60F0F05449AB0371904111871AFC463F BaseClass: NativeClass:/Script/Engine.StaticMeshActor Name:StaticMeshActor_UAID_DC4A3E1847494E2102_1116569075 Label:Shape_Pipe_91 SpatiallyLoaded:1 Bounds:IsValid=true, Min=(X=64370.000 Y=-2970.000 Z=2670.000), Max=(X=67370.000 Y=-920.000 Z=2760.000) RuntimeGrid:None EditorOnly:0 RuntimeOnly:0 HLODRelevant:1
 |   |   |- [+] [ 22]
 |   |   |   |- Guid:0855FC344F89D23AD682D6AE072F9F2C BaseClass: NativeClass:/Script/Engine.StaticMeshActor Name:StaticMeshActor_UAID_DC4A3E1847494E2102_1357859077 Label:Shape_Plane SpatiallyLoaded:1 Bounds:IsValid=true, Min=(X=65490.000 Y=-930.000 Z=2740.000), Max=(X=67490.000 Y=3070.000 Z=2740.000) RuntimeGrid:None EditorOnly:0 RuntimeOnly:0 HLODRelevant:1
 |   |   |- [+] [ 23]
 |   |   |   |- Guid:B60F63FA43D12496ECF2D186DBA48C10 BaseClass: NativeClass:/Script/Engine.StaticMeshActor Name:StaticMeshActor_UAID_DC4A3E1847494E2102_1439242078 Label:Shape_Plane2 SpatiallyLoaded:1 Bounds:IsValid=true, Min=(X=67350.000 Y=-2360.000 Z=4530.000), Max=(X=69350.000 Y=1640.000 Z=4530.000) RuntimeGrid:None EditorOnly:0 RuntimeOnly:0 HLODRelevant:1
 |- ContainerInstances:
 |- [+] MainContainer:
 |   |-        ID: 0x0000000000000000
 |   |-    Bounds: IsValid=true, Min=(X=-1638660.000 Y=-1638250.000 Z=-1638400.000), Max=(X=1638140.000 Y=1638550.000 Z=1638400.000)
 |   |- Transform: 0.000000,0.000000,0.000000|0.000000,0.000000,-0.000000|1.000000,1.000000,1.000000
 |   |- Container: /Game/StarterContent/Maps/1
----------------------------------------------------------------------------------------------------------------
1 - Persistent Level
----------------------------------------------------------------------------------------------------------------
Always loaded Actor Count: 40 

----------------------------------------------------------------------------------------------------------------
1 - Runtime Spatial Hash - Streaming Grid - MainGrid
----------------------------------------------------------------------------------------------------------------
            Origin: X=0.000 Y=0.000 Z=0.000
         Cell Size: 5000
      World Bounds: IsValid=true, Min=(X=-1638660.000 Y=-1638250.000 Z=-1638400.000), Max=(X=1638140.000 Y=1638550.000 Z=1638400.000)
     Loading Range: 25000.00
Block Slow Loading: No
 ClientOnlyVisible: No

[+] Grid Levels: 11
 |- Level  0: Cell Count    6 | Cell Size    5000 | Actor Count    6 (60.0%)
 |- Level  1: Cell Count    2 | Cell Size   10000 | Actor Count    2 (20.0%)
 |- Level  2: Cell Count    1 | Cell Size   20000 | Actor Count    1 (10.0%)
 |- Level  3: Cell Count    0 | Cell Size   40000 | Actor Count    0 (0.0%)
 |- Level  4: Cell Count    1 | Cell Size   80000 | Actor Count    1 (10.0%)
 |- Level  5: Cell Count    0 | Cell Size  160000 | Actor Count    0 (0.0%)
 |- Level  6: Cell Count    0 | Cell Size  320000 | Actor Count    0 (0.0%)
 |- Level  7: Cell Count    0 | Cell Size  640000 | Actor Count    0 (0.0%)
 |- Level  8: Cell Count    0 | Cell Size 1280000 | Actor Count    0 (0.0%)
 |- Level  9: Cell Count    0 | Cell Size 2560000 | Actor Count    0 (0.0%)
 |- Level 10: Cell Count    0 | Cell Size 5120000 | Actor Count    0 (0.0%)

[+] Content of Grid Level 0
 |- [+] Content of Cell MainGrid_L0_X8_Y0
 |   |- Actor Count: 1
 |   |- Actor Path: /Game/StarterContent/Maps/1.1:PersistentLevel.StaticMeshActor_6
 |   |- Actor Package: /Game/__ExternalActors__/StarterContent/Maps/1/0/GV/U7HD5WNUZ46S47SLH3E55X
 |- [+] Content of Cell MainGrid_L0_X-1_Y-1
 |   |- Actor Count: 1
 |   |- Actor Path: /Game/StarterContent/Maps/1.1:PersistentLevel.StaticMeshActor_3
 |   |- Actor Package: /Game/__ExternalActors__/StarterContent/Maps/1/0/WR/U86920PMYILZFN7ZLJ0QF8
 |- [+] Content of Cell MainGrid_L0_X1_Y-1
 |   |- Actor Count: 1
 |   |- Actor Path: /Game/StarterContent/Maps/1.1:PersistentLevel.StaticMeshActor_12
 |   |- Actor Package: /Game/__ExternalActors__/StarterContent/Maps/1/3/1Q/2H2DCICPIQC3EO3GXDUDS9
 |- [+] Content of Cell MainGrid_L0_X1_Y0
 |   |- Actor Count: 1
 |   |- Actor Path: /Game/StarterContent/Maps/1.1:PersistentLevel.StaticMeshActor_11
 |   |- Actor Package: /Game/__ExternalActors__/StarterContent/Maps/1/4/61/Q58FIZH40YDATW73QRQTYZ
 |- [+] Content of Cell MainGrid_L0_X-1_Y0
 |   |- Actor Count: 1
 |   |- Actor Path: /Game/StarterContent/Maps/1.1:PersistentLevel.StaticMeshActor_5
 |   |- Actor Package: /Game/__ExternalActors__/StarterContent/Maps/1/7/LQ/0DZ5RL824Z4V4L6TBCR5DO
 |- [+] Content of Cell MainGrid_L0_X13_Y-1
 |   |- Actor Count: 1
 |   |- Actor Path: /Game/StarterContent/Maps/1.1:PersistentLevel.StaticMeshActor_UAID_DC4A3E1847494D2102_1940942897
 |   |- Actor Package: /Game/__ExternalActors__/StarterContent/Maps/1/D/VF/T9MN32DQGIYAYPBM10GA68
[+] Content of Grid Level 1
 |- [+] Content of Cell MainGrid_L1_X5_Y-1
 |   |- Actor Count: 1
 |   |- Actor Path: /Game/StarterContent/Maps/1.1:PersistentLevel.StaticMeshActor_10
 |   |- Actor Package: /Game/__ExternalActors__/StarterContent/Maps/1/A/AN/I9I6H1A79CR2RPMVCDXVGN
 |- [+] Content of Cell MainGrid_L1_X6_Y-1
 |   |- Actor Count: 1
 |   |- Actor Path: /Game/StarterContent/Maps/1.1:PersistentLevel.StaticMeshActor_UAID_DC4A3E1847494E2102_1116569075
 |   |- Actor Package: /Game/__ExternalActors__/StarterContent/Maps/1/4/IP/OVHCM5D2RIWB07D08KZKJZ
[+] Content of Grid Level 2
 |- [+] Content of Cell MainGrid_L2_X1_Y0
 |   |- Actor Count: 1
 |   |- Actor Path: /Game/StarterContent/Maps/1.1:PersistentLevel.StaticMeshActor_8
 |   |- Actor Package: /Game/__ExternalActors__/StarterContent/Maps/1/3/VB/NQHZ4CNRAX7RKNESIQ39NF
[+] Content of Grid Level 3
[+] Content of Grid Level 4
 |- [+] Content of Cell MainGrid_L4_X0_Y-1
 |   |- Actor Count: 1
 |   |- Actor Path: /Game/StarterContent/Maps/1.1:PersistentLevel.StaticMeshActor_7
 |   |- Actor Package: /Game/__ExternalActors__/StarterContent/Maps/1/3/RW/YN8IL91R5B0YSD3XTMDL4G
[+] Content of Grid Level 5
[+] Content of Grid Level 6
[+] Content of Grid Level 7
[+] Content of Grid Level 8
[+] Content of Grid Level 9
[+] Content of Grid Level 10

